SU3 staggered valence fermions
MIMD version d1159-dirty
Machine = Scalar processor, with 1 nodes
Host(0) = LEON-DELLGE-UBU
Username = leon
start: Tue Apr 16 13:18:43 2024

Options selected...
Generic double precision
C_GLOBAL_INLINE
DBLSTORE_FN
D_FN_GATHER13
FEWSUMS
KS_MULTICG=HYBRID
HISQ_REUNIT_ALLOW_SVD
HISQ_REUNIT_SVD_REL_ERROR = 1e-08
HISQ_REUNIT_SVD_ABS_ERROR = 1e-08
type 0 for no prompts, 1 for prompts, or 2 for proofreading
nx 4
ny 4
nz 4
nt 4
iseed 1234
job_id test
LAYOUT = Hypercubes, options = with fixed input-parameter node_geometry
ON EACH NODE (RANK) 4 x 4 x 4 x 4
Mallocing 0.2 MBytes per node for lattice


reload_serial ../milc_4444.lat
u0 1
no_gauge_fix
forget 
staple_weight 0
ape_iter 0
coordinate_origin 0 0 0 0 
time_bc periodic
max_number_of_eigenpairs 0
number_of_pbp_masses 0
number_of_base_sources 0
number_of_modified_sources 0
number_of_sets 0
number_of_quarks 0
number_of_mesons 0
number_of_baryons 0
reading as archive format with byte reversal
reading Archive header:
DATATYPE = 4D_SU3_GAUGE
DIMENSION_1 = 4
DIMENSION_2 = 4
DIMENSION_3 = 4
DIMENSION_4 = 4
CHECKSUM = 663c5435
FLOATING_POINT = IEEE32BIG
LINK_TRACE = 0.1435427252
PLAQUETTE = 0.6187932211
ENSEMBLE_ID = 
SEQUENCE_NUMBER = 0
MILC_INFO = -------BEGIN-------
time_stamp = "Wed Oct  4 15:36:12 2023"
checksums = "0 0"
nx = 4
ny = 4
nz = 4
nt = 4
magic_number = 20103
time_stamp = "Wed Oct  4 15:36:12 2023"
checksums = "0 0"
nx = 4
ny = 4
nz = 4
nt = 4
action.description = "Gauge plus fermion"
gauge.description = "Symanzik 1x1 + 1x2 + 1x1x1 action with HISQ quark loops"
gauge.nloops = 3
gauge.nreps = 1
gauge.beta11 = 5.800000
gauge.tadpole.u0 = 0.855350
gauge.ssplaq = 1.853494
gauge.stplaq = 1.859265
gauge.nersc_linktr = 1.435427e-01
gauge.nersc_checksum = 1715229749
quark.description = "HISQ action version 1"
quark.dyn_flavors = [3] 2 1 1
quark.dyn_mass = [3] 0.013000 0.065000 0.838000
MILC_INFO = --------END--------
END_HEADER
Restored archive gauge configuration serially from file ../milc_4444.lat
Archive style checksum = 663c5435 OK
Time to reload gauge configuration = 1.147985e-03
CHECK PLAQ: 1.8534944606116894e+00 1.8592648733410029e+00
CHECK NERSC LINKTR: 1.4354272509505014e-01 CKSUM: 663c5435
Reunitarized for double precision. Max deviation 9.47e-08 changed to 4.44e-16
Time to check unitarity = 1.358986e-04
"Fat 7 (level 1)"
path coefficients: npath  path_coeff
                    0      1.250000e-01
                    1      -6.250000e-02
                    2      1.562500e-02
                    3      -2.604167e-03
Unitarization method = UNITARIZE_ANALYTIC
Unitarization group = U(3)
"Fat7 + 2xLepage"
path coefficients: npath  path_coeff
                    0      1.000000e+00
                    1      -4.166667e-02
                    2      -6.250000e-02
                    3      1.562500e-02
                    4      -2.604167e-03
                    5      -1.250000e-01
"1-link + Naik"
path coefficients: npath  path_coeff
                    0      1.250000e-01
                    1      -4.166667e-02
MAKING PATH TABLES
Combined fattening and long-link calculation time: 0.003230
Time to APE smear 9.489059e-05 sec

Solution vector:
0.186363-1.717115i
-0.412837-0.794224i
-0.713371-0.164158i
-0.223332-0.321785i
-0.468891-0.851269i
-1.367432-1.216665i
-2.994696-0.583495i
-0.993290-0.853680i
-1.551036+0.649090i
-0.366603-0.757941i
-1.651192-2.165871i
-2.527439+1.935161i
0.257250-1.086469i
0.267859+2.053795i
-1.807625+0.068340i
-0.416655+1.111322i
1.297391-1.048245i
-1.538006+0.975052i
-2.511529+0.061108i
-1.540952+1.401400i
-1.086043-0.218051i
-0.959054-1.077023i
-0.562113-0.240345i
-0.961752-1.677525i
-1.510140+0.208175i
-1.975098+1.248857i
-0.869778-1.750350i
0.191152+0.360069i
-0.471747+0.768220i
-0.663838+0.700781i
0.171131+1.309142i
-0.630240+1.548147i
1.307505-0.279683i
-4.024309-0.982087i
0.686793-0.688677i
-1.960115+1.981018i
-0.973307+1.037759i
-0.222172+0.214497i
1.201004-0.990659i
0.226508-2.535720i
-1.141357-0.168728i
-1.081898+0.092255i
1.098251-0.982131i
-1.791657+1.392803i
-2.251552-0.792018i
0.742898+0.348427i
-1.073716+1.042247i
-3.285196+0.475684i
-1.098126+1.156763i
-1.469712-1.120582i
-0.538102+0.642289i
-0.079121-1.787125i
-1.864940-0.115282i
-3.174510+0.486383i
-0.259258-1.115415i
0.778823-0.326724i
-1.807214+0.483429i
-1.884753+2.055947i
0.496718-0.553753i
-2.431321+1.020768i
-1.417137+0.858347i
-1.203112-0.606257i
-0.763937+1.749078i
-0.411999-0.932216i
-0.185067-1.210522i
-2.354238+1.029062i
-1.206655-1.426150i
-1.363177-1.746888i
-2.221351-0.535083i
-1.129030-1.578075i
-2.858554-0.416917i
0.121765+0.838713i
1.222925+0.417752i
-0.894185+0.464023i
-1.608683+1.745233i
-2.061066+0.931987i
-0.829537-2.028532i
-2.208256+2.304965i
0.289016+1.644450i
-0.970371-0.405227i
-0.694573+0.075934i
-1.158666+0.054747i
-1.357777-1.362921i
-1.164976-0.108718i
0.253096+0.628888i
-1.948005+0.086341i
-1.822534+1.151594i
-1.676162-0.385667i
-1.744435+0.486457i
0.196528+0.399666i
-0.470563+1.125242i
-0.319544+0.362683i
-1.432977+1.781056i
-1.242924-0.396991i
-2.295385+0.033041i
0.075111-0.159361i
-0.778843+1.473813i
-1.825459+0.780581i
-0.986007-0.192748i
0.457630+1.718645i
-0.172295-1.628960i
-2.703243+0.868670i
0.561204-0.696545i
0.556733-0.000468i
1.582128+1.163240i
-3.159266-0.521359i
-2.365115+0.626712i
-3.084386-1.560980i
-0.309969+0.955551i
-0.919086+0.403826i
-0.223144+0.129334i
-2.274337-2.287978i
-2.162565-0.511722i
-1.461378-1.183632i
-1.396103+0.925240i
-0.389618+1.051431i
-1.009047-0.817003i
0.116845-1.948484i
-2.054158+0.981939i
-0.916825-0.534011i
-2.796967-0.022885i
-2.798037+1.321586i
-0.258051-0.167499i
0.314124+0.486719i
0.317622-1.085790i
-0.822712+0.830481i
-3.217065-0.799375i
-1.673501-2.179343i
-1.505743-1.523445i
-0.499265+0.007530i
1.066595+0.659516i
-0.814055+0.748828i
-0.286055+1.249765i
-1.278882-1.819891i
-2.080054+0.837490i
-2.214760-2.269088i
-0.388284-1.857571i
-1.635689-2.049417i
0.048391-0.165134i
-0.233716+0.356504i
-1.298556-1.593075i
-1.327083+1.184067i
-0.394735+0.598852i
-0.038747-2.266988i
-1.206662+0.144506i
-0.994760-0.593814i
-2.233369-0.079216i
-1.924539+1.567019i
-1.455887-1.288005i
-1.598001+0.296647i
-0.346586-0.115549i
0.230474+1.632717i
-1.296289-0.404062i
0.060036-0.579218i
-0.427456-0.089057i
0.590028-1.349431i
-1.323007+0.209241i
-0.494093-0.351560i
-1.516690-2.208486i
0.900719-0.024883i
-3.113150-0.176847i
0.113322+0.991338i
0.289700-0.227701i
0.299996+0.310298i
-0.087327-0.335607i
-1.081187+0.736065i
0.086813+0.349719i
0.854201-1.969926i
-0.969988+1.099796i
-1.356488+1.452967i
-0.719491-1.086070i
-1.191119+0.624196i
-1.258562-1.346295i
-1.943924+0.895502i
-1.077852-1.045588i
-1.291631+0.677791i
1.211098-0.705143i
-0.910486-0.307924i
-0.640991+0.097914i
-0.676594+0.929798i
-0.475310-0.259751i
1.211101-0.080411i
-1.679049-2.036545i
-1.325217-1.653395i
-1.114231+1.760844i
-0.260656+1.322432i
-1.881213-1.419224i
1.397319+0.795607i
-0.720610-0.941046i
-1.254132-0.650633i
-0.189077+1.664237i
-0.398316+0.458806i
-0.753324-0.275685i
-1.262618-0.148250i
-0.170724+0.822308i
0.394417-0.869123i
-0.218935-2.350792i
0.343367-0.038135i
-1.663624+0.175818i
0.231425-0.419731i
-0.607778+0.452676i
-1.331307+0.218142i
-1.653277+0.104140i
-0.415364-0.410917i
-2.253136-0.378319i
-0.632495-1.344348i
-0.750185-0.101408i
0.560316+1.240036i
-1.693396+1.452404i
-1.230381-0.551943i
-2.258924+0.687421i
-0.980714+2.361331i
-0.638794+0.678062i
0.085768-0.469101i
-1.517297-1.305802i
-0.535853-2.254237i
-0.830387-1.786685i
-2.390280+1.299617i
-1.867011-1.436173i
-1.498566-0.438211i
-1.691661-1.706438i
-1.591525+0.380876i
-0.248589+1.902085i
-1.067514+1.042846i
-2.750452+0.091720i
-0.073797-0.835346i
-2.099259+1.602348i
-0.281534+0.692493i
0.188287+0.521693i
-2.111703+0.588958i
-1.866813-0.685802i
-1.281758-0.263302i
-0.856305+0.086732i
0.846550+0.971943i
-1.079972+0.017266i
-1.130925+0.462999i
-0.637454+0.392384i
-0.976411+1.218654i
0.114906+0.125079i
-0.644771-0.772398i
-0.021619+1.331072i
0.930591-1.805704i
-0.822139+0.336088i
1.270655+1.639319i
-1.023039+0.648997i
-2.134006+1.021538i
-1.602826+0.863648i
0.163869-1.072799i
-2.528109-0.158729i
-0.296275-0.673629i
-0.425109-1.869674i
-1.031074+1.829421i
-2.019310+0.412100i
-1.899333-1.348162i
0.260872-0.479675i
-1.902256-0.160613i
-2.890458-0.525839i
-0.526652+1.145899i
0.439865+0.581200i
-0.738239-0.185740i
-0.404246-1.029361i
-1.469467-0.239696i
-1.926387-0.192558i
-1.972663-0.577279i
-1.483303+0.351172i
-0.368042+0.400075i
-0.169805+2.421735i
-0.411118-0.365325i
0.155079-0.312904i
-1.250859-0.729214i
-0.083316+0.474417i
-1.209144-1.950903i
-0.065074+2.146874i
-0.842610+1.179444i
-0.265388+0.495505i
-1.330366+0.377337i
-0.965583+1.041844i
0.213056-1.699772i
-2.760426-0.414022i
-1.045290-1.202392i
-2.588483-0.011377i
-0.978390+0.671637i
-1.358201-2.456196i
-0.151506-0.218752i
-2.029788+1.336205i
-1.896140-0.145462i
-0.910828+1.386826i
-1.827035+0.653106i
-3.715787-0.441577i
-1.879355+0.809431i
0.144845-0.220669i
0.207788+0.965603i
-1.986655+1.453771i
-3.752092+2.195587i
-2.350045-1.291848i
-0.603948+0.849615i
-2.699049+0.540305i
-1.312779-0.040735i
-1.928286+2.209040i
-0.137338-0.105530i
-0.866477-1.126759i
1.093975-0.721537i
-0.841999+0.657840i
-0.302681+2.023815i
-0.195752+1.513847i
-1.981276-0.029696i
-1.845007+0.437511i
0.767225-1.325230i
-0.691335-2.051853i
0.545376+0.835823i
-1.661896+0.415533i
-2.428462+0.432615i
0.843933+0.122342i
-3.438478-0.092445i
-2.510442-0.210424i
-1.134268-0.503034i
-0.408575-0.704428i
-0.791738-1.102130i
0.351224+1.446652i
0.423223+0.938678i
0.042007+1.364705i
1.044273+0.941549i
-1.315878-1.344644i
-2.244816-0.379736i
-1.505451+0.605170i
-3.280590+0.710538i
-1.153200-1.064443i
-4.060668-0.119312i
-1.578878+0.493341i
-0.826066+1.225648i
-0.908800-0.170756i
-1.549852-0.233739i
-1.221207-0.154377i
0.425547-0.062693i
-3.009809+0.547160i
-0.417727+2.194853i
-0.775422+1.752580i
-2.632956+0.229147i
0.030655+0.030117i
-0.852117-0.641837i
-1.124794-1.113312i
-1.916614+0.106241i
-1.351489+1.135695i
-3.837601-0.922265i
-0.757417-0.882428i
0.511775-1.497821i
-1.813429+1.250697i
0.150182-0.670106i
-1.284234+1.290066i
-0.469092-0.599453i
-0.587529-0.515316i
-2.818444+0.336783i
-1.398019+1.917013i
-2.128102-1.145061i
-1.443382+0.341299i
-2.172945+0.268241i
-3.769654+1.439263i
-2.837355-0.264529i
-0.266324-0.987191i
-0.774490-0.051538i
-0.978823+0.821474i
-2.408528+0.744598i
-1.649476-0.254444i
-0.970286-0.078937i
-1.951510+0.145016i
-0.039670+1.152283i
-0.095551-1.766035i
-2.421378+2.281966i
0.517148+1.103134i
-0.969679-0.090458i
-0.917239-0.920919i
0.477628-3.440752i
0.203809-0.719582i
-2.723821+0.510814i
0.119214-0.716649i
-2.025434+0.705783i
-0.867302+0.282369i
-1.621928-1.279535i
-2.098740-1.355871i
-1.826205-0.777350i
2.310481+0.878178i
0.729340+1.271187i
0.219411-0.770635i
0.873071+0.012034i
-0.970288+0.163601i
-2.004466-2.566397i
2.042936+0.676016i
-0.599834-0.997193i
-1.696548-0.552375i
-1.824797+1.095541i
-0.762395-1.478020i
-3.450816-1.180571i
0.851240+0.376307i
1.476394+0.600202i
-1.450559+0.284874i
-1.063862-0.213229i
-1.732534+0.390538i
0.687038-1.649293i
-1.421821-0.507754i
-1.149666-1.669345i
-1.454478-1.979562i
-1.311534-0.658551i
-0.194632-0.484057i
-0.946312-0.486893i
-0.100448-0.064330i
-0.317157+0.280504i
-0.731005+0.856984i
-0.100184+0.526662i
-1.375240+0.350423i
1.493669+1.002246i
-1.195668+0.131378i
-1.323129-0.389510i
-0.951686+0.016965i
-0.022612+2.359081i
-1.052791-0.418591i
-0.617569+1.165299i
-0.790488-0.376722i
-0.972458+0.345728i
-0.608449+0.013320i
0.468323+0.491610i
-0.286189-1.111253i
-1.946562-1.653194i
-0.148331-0.681976i
0.145344-0.993422i
-0.606604-0.786794i
-0.601901+0.353127i
-1.675700-2.242635i
-0.726978-0.579243i
0.148374-0.464073i
-0.372432+1.445987i
-0.347161-0.565255i
-1.888527+1.467712i
-0.370204+0.978867i
0.348472+1.781339i
-1.833613+0.406750i
-0.718182-0.431766i
-0.985516+1.460462i
0.925192-0.599062i
-2.777591+1.729465i
0.192135-0.395666i
0.690813-0.200137i
-1.071216-1.370506i
-1.551763+0.837764i
-1.816640-0.879625i
0.252043+0.822860i
-1.013941+0.690230i
-0.389763-2.358301i
-0.436003-1.356895i
0.137572-0.587984i
0.521025-1.068288i
-0.038871-0.917350i
0.846414+1.409325i
-0.485923+0.845534i
0.526840-0.388221i
-0.719650-0.340371i
-0.145570-2.196620i
0.978689+0.089077i
0.511591-0.675667i
-0.155037+0.147662i
1.600708+0.271250i
0.413015+0.693040i
-0.767428-1.002873i
-1.242144-0.956831i
-2.282204+0.477273i
-0.385395+2.156965i
-1.405764+1.373478i
0.826906-0.326079i
1.475267-0.302290i
-2.515624+2.021591i
0.598386-0.037712i
-0.632127-0.479772i
0.611410+0.953167i
0.348610-0.480591i
-0.432891-1.140794i
-1.609110+1.217707i
-3.482853+1.875479i
-0.783913-0.511998i
-1.975136-0.604698i
-0.597616+0.598261i
-1.761266+1.179726i
1.362847-0.390964i
-3.242556-0.199602i
-0.496954+0.968265i
-0.810770+1.058446i
1.410098-1.686577i
0.533415-0.032880i
0.372377-0.530189i
-1.458793+0.037675i
-0.015662+1.185566i
-1.890692-0.655812i
-1.110647-0.641802i
-1.447796+0.047977i
-1.123627-0.590255i
-2.144813+0.747600i
-0.051150+1.524856i
-0.327411-3.066199i
-0.882644+0.102940i
0.161468-1.539197i
-1.675278+0.803755i
0.871066+1.676605i
-2.570063-0.420422i
-0.949088+1.244065i
1.111843+0.742535i
-0.715822-1.309760i
-0.025371-1.243584i
-0.942144-0.358043i
-0.863627+1.589386i
-0.590111-0.978927i
-2.405820+0.029560i
-0.950736+0.073831i
-1.743966+0.305031i
-0.417937+1.723001i
-1.352799+2.966340i
-2.764709-1.048166i
0.200751-0.869274i
-1.787771-0.861927i
-0.605353-0.661093i
-1.184622-0.368033i
0.287390+0.694457i
-0.547552-0.213066i
-2.195624-0.126784i
0.458101-0.926573i
0.585162+0.942438i
0.104529+1.049583i
0.068165+0.668130i
-2.288737+0.893967i
-1.020122-1.027268i
-1.456107+0.859583i
-1.963963+0.342403i
-2.246059-0.668969i
-1.540260+1.123438i
-0.475667-1.551920i
1.249528+1.011963i
0.105910-0.397719i
-1.265046-1.024673i
-3.083184+0.077384i
-0.072042-0.257371i
-0.304440+0.444628i
0.335939+1.410282i
-2.064148+1.659296i
0.610953+0.860672i
-0.714981-0.740152i
-1.588135+0.448144i
-0.963308+0.533786i
-0.296330-1.707180i
-2.474005+1.856426i
-0.728427+0.889622i
-2.094670-2.187115i
-0.970799-0.487174i
-1.488369-2.269423i
-0.041238-1.654620i
0.742389-1.847923i
-2.075132-0.906292i
-1.051870+0.446627i
-2.051723+1.148696i
-2.272305+0.699981i
-1.316375-1.292180i
1.181251-0.221846i
-1.746680-0.150153i
-2.577739-0.024965i
-2.585462-1.438869i
-1.304745+1.084173i
-0.870169+0.251236i
-1.622015+1.044751i
-2.044616-1.079716i
0.882541-1.727755i
-1.435370+1.004682i
-1.765071+2.058345i
0.793311-0.242017i
-0.743331+1.264747i
-0.119126+3.268984i
-0.514414+1.127077i
-1.321416+0.118356i
-0.678518-0.719187i
-0.291301+1.003338i
-2.466614+0.820198i
-0.167448+0.561244i
0.148770+0.645229i
-0.797344+0.249301i
-2.070668+1.318709i
-1.223560-0.919115i
-0.938275-1.641032i
-1.281244-0.853229i
-1.867498-0.615861i
-1.651636+0.695260i
-1.792467-0.883449i
-1.416470-0.498400i
-0.493616+1.347049i
-1.831739-0.787227i
-1.633623+1.695243i
-1.573962+0.112909i
-0.430311-0.147249i
-0.001212-0.153003i
0.074108-0.489705i
-0.783669-0.368546i
-0.482290+0.075789i
-0.127901-0.258647i
-0.348827+1.829131i
-1.529464+0.155067i
-0.301318-2.383430i
-0.246895-1.409087i
-1.672646+0.609187i
-0.914926+1.137843i
-0.101226-0.287127i
-1.423890+0.841199i
-1.498187-0.240852i
0.055807+0.176827i
0.708256-0.257351i
0.138637-1.454271i
-2.202326-0.713189i
-1.830428+0.407914i
-0.227177-0.999947i
-0.491069+1.249672i
-0.492522-2.480193i
1.104530+0.669437i
-0.538717-0.374868i
-2.157590+1.304724i
-1.200642+0.756545i
-2.780280-0.322575i
-0.516125-0.033543i
-1.982877-1.037457i
-0.226921+0.638496i
-2.272553+0.380805i
-1.587211-3.141471i
-0.704886+0.285822i
-1.217555-1.044235i
-0.213690+2.289278i
0.787738+0.318934i
-0.216404+0.342603i
-0.764642+1.243600i
0.001213+0.098696i
-0.930901-1.380830i
-0.230814+0.148302i
-0.336803+2.063127i
-1.237447+0.385416i
-2.121445-0.309897i
-0.835754-0.841834i
0.182803-1.792779i
-0.203946+0.650767i
-3.010247+1.421753i
-0.770687+0.725616i
-0.386974-0.694156i
-0.048144-0.393197i
-2.062192-0.772638i
-3.007670+0.747788i
0.657829-0.772283i
-2.128694-1.353787i
-0.896131+2.583755i
-1.170394+1.035701i
-1.932726+1.408702i
-2.410895+1.064117i
-1.284708+0.181165i
-1.132367-1.029131i
-1.935437-0.382867i
-1.780128+0.225083i
-3.363870+0.562319i
-1.505169-1.462638i
-1.507055+1.061995i
0.023865-1.018779i
-1.102981+0.097414i
0.472905-1.215247i
-0.350804+0.921772i
-0.845844+0.973129i
-1.397568+0.343301i
-0.884328-1.192815i
-1.587917-0.609085i
-1.509821+1.413584i
-2.093984+1.745442i
-0.117235-0.329914i
-1.300070-0.304403i
-0.502957+1.285064i
-2.052385-0.985594i
1.408957-1.298539i
-0.739873+1.352386i
-1.756730+0.303545i
-0.840325+0.359013i
-0.097164+0.711542i
-0.794975-1.930317i
-0.209889+1.347597i
-2.454874+1.083031i
-0.057079+0.395090i
-0.728431-1.061115i
-0.749988-0.147793i
1.029887+0.494865i
-3.019779-0.838343i
-2.569300+1.889886i
1.079157-1.708962i
-1.645618-0.954284i
-1.873028+0.716111i
-1.906840+1.641151i
-0.378699+1.336724i
-1.720582-1.428712i
-0.559972+1.852933i
-0.801746+0.314482i
-1.472306-0.725603i
-0.426232-0.419068i
-0.018176-1.867010i
-0.326272+0.062643i
-0.974589+0.899152i
1.240330+1.649114i
-0.080903+0.179201i
-1.938337-1.395896i
-1.837418+3.884225i
-1.211974+2.509576i
-1.536231-0.501511i
-1.843279+0.668222i
-2.870760+0.312404i
1.113134+0.109576i
-2.461465+1.824845i
-2.637647+0.059261i
-0.903884+0.153954i
-0.194112+1.091651i
1.380623-2.963761i
-1.188422-0.221919i
-0.482220-0.895786i
-1.955321-0.809405i
-1.536716+1.315542i
-0.506954+0.616421i
-1.138341-0.523656i
0.761259-1.038628i
-1.177442-1.003441i
-0.353191-1.264026i
-1.082221-0.107280i
-1.413901-0.361279i
-3.942463+0.182904i
-2.501588-0.564796i
-1.183536+0.551736i
-2.520894-0.986153i
-1.049591+1.116107i
-1.871943+1.318937i
-0.432650+1.632277i
-1.778480-2.038846i
-2.402941-0.145419i
-3.014506-0.197701i
-0.035331+1.408939i
0.446890+0.649254i
0.837855+0.155364i
-1.618771-0.988373i
-0.016329-1.884650i
0.617276-0.646133i
-3.934741+0.325927i
-0.168631-3.211433i
-1.403649+1.695841i
0.100237+0.173902i
-0.932313+0.118840i
-1.365328-0.396389i
0.170101+0.987758i
0.374014-0.861791i
-1.740943-1.167040i
-1.410835+1.636375i
-0.473241+0.230985i
0.915117-0.879640i
-2.448019+1.003199i
-3.115780+0.915371i
-0.525504+0.220013i
-3.741725-0.497879i
-0.570619+0.219689i
-0.231471+0.129332i
-0.348672-0.859110i
-1.129821-0.625054i
-0.969453-0.661405i
0.898362+1.639168i
-0.890427-1.657375i
-1.622554-0.720960i
-1.039832+0.272287i
-1.235401+0.084148i
-0.671638-1.604792i
0.746531+0.521372i
DONE


ask_starting_lattice(0): EOF on input.
exit: Tue Apr 16 13:18:43 2024

