MIMD version 7.8.1
Machine = Scalar processor, with 1 nodes
Host(0) = LEON-DELLGE-UBU
Username = leon
start: Tue Apr 16 14:44:15 2024

type 0 for no prompts, 1 for prompts, or 2 for proofreading
nx 4
ny 4
nz 4
nt 4
LAYOUT = Hypercubes, options = with fixed input-parameter node_geometry
ON EACH NODE (RANK) 4 x 4 x 4 x 4
Mallocing 0.4 MBytes per node for lattice


number_of_pbp_masses 1
reload_serial ../milc_4444.lat
reading as archive format with byte reversal
reading Archive header:
DATATYPE = 4D_SU3_GAUGE
DIMENSION_1 = 4
DIMENSION_2 = 4
DIMENSION_3 = 4
DIMENSION_4 = 4
CHECKSUM = 663c5435
FLOATING_POINT = IEEE32BIG
LINK_TRACE = 0.1435427252
PLAQUETTE = 0.6187932211
ENSEMBLE_ID = 
SEQUENCE_NUMBER = 0
MILC_INFO = -------BEGIN-------
time_stamp = "Wed Oct  4 15:36:12 2023"
checksums = "0 0"
nx = 4
ny = 4
nz = 4
nt = 4
magic_number = 20103
time_stamp = "Wed Oct  4 15:36:12 2023"
checksums = "0 0"
nx = 4
ny = 4
nz = 4
nt = 4
action.description = "Gauge plus fermion"
gauge.description = "Symanzik 1x1 + 1x2 + 1x1x1 action with HISQ quark loops"
gauge.nloops = 3
gauge.nreps = 1
gauge.beta11 = 5.800000
gauge.tadpole.u0 = 0.855350
gauge.ssplaq = 1.853494
gauge.stplaq = 1.859265
gauge.nersc_linktr = 1.435427e-01
gauge.nersc_checksum = 1715229749
quark.description = "HISQ action version 1"
quark.dyn_flavors = [3] 2 1 1
quark.dyn_mass = [3] 0.013000 0.065000 0.838000
MILC_INFO = --------END--------
END_HEADER
Restored archive gauge configuration serially from file ../milc_4444.lat
Archive style checksum = 663c5435 OK
Time to reload gauge configuration = 9.379387e-04
CHECK PLAQ: 1.8534944606116894e+00 1.8592648733410029e+00
CHECK NERSC LINKTR: 1.4354272509505014e-01 CKSUM: 663c5435
Reunitarized for double precision. Max deviation 9.47e-08 changed to 4.44e-16
Time to check unitarity = 1.261234e-04
"Fat 7 (level 1)"
path coefficients: npath  path_coeff
                    0      1.250000e-01
                    1      -6.250000e-02
                    2      1.562500e-02
                    3      -2.604167e-03
Unitarization method = UNITARIZE_ANALYTIC
Unitarization group = U(3)
"Fat7 + 2xLepage"
path coefficients: npath  path_coeff
                    0      1.000000e+00
                    1      -4.166667e-02
                    2      -6.250000e-02
                    3      1.562500e-02
                    4      -2.604167e-03
                    5      -1.250000e-01
"1-link + Naik"
path coefficients: npath  path_coeff
                    0      1.250000e-01
                    1      -4.166667e-02
MAKING PATH TABLES
Combined fattening and long-link calculation time: 0.002587

Solution vector:
0.746378-0.424433i
1.057634+0.488668i
-0.208432-0.284486i
-0.507127+0.434212i
-0.556678-0.767494i
0.342240-0.209487i
-0.813979-0.527868i
0.423262+0.640800i
-0.363966+0.859740i
-0.740048+0.079453i
-1.627257-2.488186i
-0.463221+0.472170i
0.028912-0.913599i
-0.504356+0.929835i
-2.130150+0.942994i
-0.510238+0.456338i
0.732589+0.647587i
-1.653377-0.071065i
-1.252876+2.853698i
-0.962077+0.326460i
-0.788761-1.229111i
-1.405463+0.585057i
-2.362888+0.024573i
-1.087647-0.168554i
-0.455539-0.346565i
-1.041800-0.331511i
-0.026161-0.314173i
0.722382+0.051621i
-2.860553+0.710534i
-2.368376+1.867406i
-1.537995-0.386724i
-1.075592-0.365103i
-1.225680+1.061494i
-2.010015-1.406484i
-1.111117+0.759261i
-2.934527+0.452598i
-0.771672-0.770219i
-3.108200+0.283217i
-3.769210+0.519633i
-1.525515+0.190080i
-0.825694+0.353547i
-1.502296-1.039192i
-1.208674-1.889758i
-1.322378-1.044292i
-1.038900+0.058459i
-1.289712-0.324547i
-1.044326-1.389832i
-1.405443-0.248418i
-2.436188+0.058527i
-2.115380-1.054868i
0.785694+0.499184i
-1.475275-1.470056i
-2.572154+0.031798i
-3.603180+0.243490i
-1.539332-1.112859i
-0.674358-1.287205i
-0.547275-0.003398i
-0.662773+1.247128i
-2.019509-1.261300i
-1.995280-0.712264i
-1.786169+0.555961i
-1.264336-0.144881i
-0.409414+0.261724i
-0.536020-1.180615i
-1.131975-0.829198i
-0.553728+0.510787i
-0.016645+0.346058i
-1.450119+0.218992i
-1.683164-0.383505i
-2.555712-2.039400i
-1.473457+0.514281i
-2.575239+0.700777i
-0.121591-0.556117i
-1.633319-0.114219i
-1.327394+0.999865i
-1.520900-0.911385i
-0.919971+0.755101i
-0.043839-0.254253i
-0.601781+0.296349i
-2.822509-0.201352i
-1.752440-1.409666i
-1.476854-2.438625i
-1.235348+0.334415i
-1.849941-0.498758i
-2.440597+0.171789i
-1.460270-0.484861i
-1.332890+1.049676i
-1.174528+0.154632i
-0.787520+2.288498i
-1.856491+0.443039i
0.026768+1.298804i
-1.633305-0.341274i
-0.822107+1.124927i
0.180041-1.103490i
-2.624951+2.516787i
0.816982-0.413196i
0.248489+0.330018i
0.278430+1.382824i
-1.407456-0.250506i
-1.012964+1.677026i
1.094285-0.471278i
-1.046024+0.938574i
-2.244644+1.621960i
-1.323077-0.369794i
-0.678311+1.220923i
-1.901453-0.478001i
-0.076748-0.770073i
-0.271321-0.118418i
-1.777263+1.571417i
-0.798157-1.050749i
-0.395196-0.601455i
-1.110206+0.488817i
-1.568188+0.748151i
-0.829677-1.542731i
-2.126185+0.054071i
-2.334071-1.088866i
-0.988048+0.847632i
-0.177366-0.049943i
-0.411548+0.455855i
-0.574559-0.246128i
-0.797971+0.010903i
0.876098-1.563889i
-2.785986+1.562439i
-2.406099+0.086828i
-2.345625+1.196125i
1.549647-1.049566i
-1.298935-0.161735i
-0.674613-0.739065i
-1.975876+0.941593i
-0.924833-1.136362i
-1.574490-0.773764i
-1.020133-1.363505i
-1.526337-1.905325i
-0.083907+1.012390i
-0.149793+0.177770i
0.031136+0.038362i
0.174916+0.166193i
-0.647305+0.885642i
-0.301856-0.563773i
-0.868663+1.272150i
0.299610-0.021536i
-2.133236+0.525973i
-0.794807-0.624514i
-0.147505-0.390184i
-1.043515-0.393636i
-2.046598+0.754081i
-0.147013-0.859606i
-2.073714+0.113631i
-0.736513-1.013145i
-2.692049-0.607921i
-2.287816-0.184184i
0.070208-0.065818i
-0.233765-0.097137i
-1.174983-0.427551i
0.901817-0.295478i
-1.922685+0.919334i
-1.007765-0.483503i
0.082152-0.047697i
-0.038228+0.444418i
-0.746385+0.010656i
-2.895110-1.486634i
0.200341+1.131408i
-2.193027+0.010148i
-1.398420+1.754378i
-1.260585-0.932716i
-1.024322+0.441420i
-0.556116-0.219089i
-0.087675+0.417680i
0.127112+0.563959i
-0.292323-0.011804i
-3.057785-0.320362i
-1.864790+0.659240i
-1.138334+0.959880i
-1.861416+0.058947i
-1.459870-0.532899i
-3.556083+1.392590i
-0.349496-1.157716i
-2.421933+1.897960i
-2.386061-0.402210i
0.368309-0.794316i
-1.118188-1.511970i
-2.029273-0.334824i
-0.209673+1.252820i
-2.005222+1.382513i
-1.351810-0.550395i
-0.440834-0.403470i
-1.369809-0.054608i
-1.614810-0.801069i
-1.443017-1.224609i
-0.531557-0.612635i
0.355842+0.302430i
-1.142397+0.669298i
-0.706068-0.500684i
-0.798730+0.144350i
-0.429618-0.082200i
0.301644-0.614499i
-0.130147-1.510136i
0.291891-0.740202i
-0.880649-0.358989i
0.423126+0.469296i
-0.802514+0.318385i
0.020530+0.750152i
-1.758800+1.259148i
-1.299681-1.423407i
-1.648239-1.168825i
-1.563107-1.780368i
-0.975101+1.169166i
0.366779+1.243273i
-1.319539+1.382801i
-1.182164-1.225748i
-1.613897+0.320596i
-0.591970+0.989849i
-0.653178+0.582889i
-0.076882-0.190845i
-1.293579-1.824484i
-1.054395-2.004914i
-2.213483-1.497100i
-0.135614+0.336167i
-0.535566-1.475189i
-1.522571+0.241587i
-0.028248-0.237434i
0.203238+1.938543i
-1.815303+0.933181i
-0.495089+1.099035i
-1.810874-0.254197i
0.082308-0.567178i
-2.480397+1.199972i
-1.461217+0.084842i
-2.363069-1.587794i
-1.345977+0.081631i
-1.333164+0.724242i
-1.853913-0.110706i
-0.312526+0.750052i
-0.718325-0.295542i
-1.759172-0.320812i
-0.314775+0.809014i
-1.476175+0.512702i
-1.031691-0.390666i
-1.292596-0.012417i
-0.423269-0.460113i
0.686776+1.439001i
0.836755-1.688249i
-1.299619-0.289033i
0.128483+1.076741i
-1.011360+0.047319i
-1.303478+1.608561i
-0.208397-0.197606i
-0.275790+0.677876i
-1.286391-0.868742i
-1.313547-1.912125i
-1.429928-0.571289i
-1.998777+0.560068i
-1.610820-0.027775i
-1.944926-1.315378i
0.869350-1.219445i
-1.422739-0.179361i
-2.663890-0.581617i
-0.619794+0.217415i
-0.514595+1.797273i
-2.350662+0.678235i
0.466857-0.834280i
0.039172+1.126110i
-2.832813-0.660779i
-1.621126+0.826768i
-0.960839-0.356556i
-0.335017+1.727017i
0.247215+0.098002i
-0.510434-0.455194i
-0.033179-0.864443i
1.324509+0.759462i
-0.441047+0.353046i
-2.033332-1.459581i
1.021871+2.689117i
-0.383058+0.810615i
-0.760003+0.426110i
-1.326445+0.020604i
-0.162909+1.890559i
-1.553307+1.195653i
-1.684304+0.529828i
-1.635506+0.202582i
-3.689337-1.397429i
-1.667700+0.910082i
-2.006942-0.681705i
-0.326629+0.018842i
-0.630594+0.672532i
-0.022300-1.139963i
-0.794275+0.007908i
-1.644999+0.456046i
-1.548994-0.712866i
-0.578431+0.538009i
-0.776987+0.898235i
-2.542118+0.984213i
-2.533190+2.029729i
-0.538622-0.178733i
-2.150961+1.282687i
-1.568702+0.225150i
-2.669885-0.627233i
-1.764001-0.476687i
-0.417897-0.619910i
-4.448538+2.026227i
0.180945+0.273899i
-0.678034+0.733595i
0.134507-1.041765i
-1.956783+0.339782i
-0.775548+1.117029i
-3.120551-0.770974i
0.271375+1.122679i
-1.588563+0.632186i
-1.316977+0.038470i
-0.771365-1.385372i
-0.621276+0.617915i
-1.602888-1.263056i
-1.185462-0.400126i
0.233366+0.661099i
-0.488339+1.042246i
-1.292147+1.203040i
-2.264137+1.113638i
0.043704+1.651398i
-0.452869-0.024591i
0.473969+1.038093i
-1.484599-0.544419i
-0.594331+1.136500i
-0.047920+0.590266i
-1.945209+0.083811i
-1.406356-0.177705i
0.191981-0.571725i
-1.354893+0.601250i
0.066512+0.008917i
-0.586682-0.302395i
-1.951933-1.644678i
-0.164001+0.169214i
-0.564189+0.030381i
-0.739531-1.522584i
-1.639375-1.408920i
-1.568295+0.818499i
-0.953991+0.216937i
-2.382536-0.003857i
-0.798418-1.516314i
-0.144789+1.430673i
-2.682931-0.528325i
-0.997223+2.166537i
-0.866669-0.690176i
-0.907109+0.091145i
-0.083183+2.383042i
-2.029299+1.018947i
-1.121720+0.875430i
-0.152733-0.922008i
0.335074+1.233460i
-2.180671+1.936693i
-1.353881+0.672610i
-0.124279+0.269235i
-0.391599+1.235741i
-2.191395+1.925866i
-2.212651+0.706380i
-2.463642+0.335393i
0.169623+0.697473i
0.886510+1.115121i
0.421312-0.032155i
-1.844621-0.412647i
-0.790947+0.472571i
-2.353294+0.855559i
1.356825+1.073613i
-0.366253+0.833714i
-0.376579+0.901283i
-1.148352+0.170247i
-1.224626+0.680601i
-2.330336-1.239734i
-0.864807-0.965586i
-2.750342-0.487577i
-0.287922-1.549665i
-2.020094+0.830471i
-1.311849+0.476410i
-2.141669+0.994954i
-0.932263-0.864972i
-1.022516+1.680673i
0.761083-0.185634i
-1.967894+1.101038i
-0.428388-0.110102i
-0.955066-0.864404i
-2.294834+0.749876i
-2.515698+0.683544i
-0.014660+0.265728i
-0.551904+3.012194i
-1.694565-0.609515i
-0.491542+0.232017i
-1.294932-0.214891i
-3.657097+0.131561i
-4.097183-0.585161i
0.124811+0.191270i
-0.905053-0.515566i
-1.743566-1.103354i
0.806658+0.017867i
0.734623+2.392660i
-0.694289-1.779513i
-0.525412-1.319140i
-1.046631-0.732167i
-2.378308+1.399652i
-2.897085+0.876709i
-0.722592+1.252988i
-0.617710+0.548130i
0.417529-1.221407i
-0.916338+2.214689i
-1.924702-0.214430i
-0.343197-1.534414i
-0.329828-0.543183i
-0.879956-1.109544i
-1.607969-0.165189i
-1.114463-0.798184i
-0.629326+1.014633i
2.557398+1.180614i
-1.727810+0.743997i
-0.048678-0.184961i
0.006094-0.165740i
0.603386+2.655931i
-2.480131-0.217915i
-0.655445+0.063156i
-0.611251+1.440673i
-0.415145-2.006678i
0.888321+0.903374i
0.186958-0.014837i
-1.002993-1.360008i
-2.395112-2.351079i
-1.527607-0.676563i
1.809301-1.014048i
-1.641687-1.584683i
-0.604738+0.285640i
-1.184244-0.255489i
-0.566264-0.260001i
0.026268-1.095137i
-1.074261-0.547803i
-0.259077+0.333629i
-0.556513+0.375357i
-1.109772+0.908321i
-0.013341-1.235211i
0.256291-1.399131i
-1.016006-0.929186i
-0.673603-2.032438i
-0.343099+1.035024i
-1.518602+0.561057i
-1.884565-0.632642i
0.701750-0.016173i
-0.880834+0.214204i
-2.383274+0.603664i
-0.409222-0.658750i
-0.961089-0.226615i
0.488020+0.998247i
1.073056+1.675760i
-0.069559+1.172516i
-1.550850-0.480781i
-1.923643-0.741367i
-0.363519-0.243067i
0.573212-2.363964i
-1.926439+1.216386i
-0.624056+2.240460i
-2.257209-0.391965i
0.578262-1.275164i
-0.154364-0.455581i
-0.409945-1.237738i
-0.574571+0.202313i
0.324447+0.910688i
-0.101867-0.624168i
0.460009-1.912914i
-1.694413-0.550578i
-0.567858-0.647042i
-2.258362-0.080048i
-1.806561+0.573343i
0.696222+0.441835i
-0.154312+1.219589i
-2.446318+1.565901i
0.309443+2.164047i
-0.617843-1.079137i
0.667444-0.054451i
-1.929458+0.055572i
-1.467658-1.391436i
-0.343805-0.979625i
-0.226977+0.772257i
-0.578018-1.318760i
-1.410436-2.009594i
-1.523077+0.555317i
1.697494+0.675178i
-2.490564+1.759634i
0.970492+0.042158i
-3.003543-0.311839i
-2.449122-0.172472i
-1.513865+1.416749i
-0.710429+0.627432i
-1.584701-1.721480i
-0.606032+1.881992i
-0.633454-0.194472i
-0.540487-0.319317i
-0.311007-0.763407i
0.204006+1.440187i
-0.025100+0.497970i
-0.902594+1.404784i
-1.908148-0.809828i
0.134384+0.595113i
-1.048154+0.834325i
-0.518813+3.361356i
-0.752867-0.307938i
-1.611683+0.488243i
0.649369+0.128299i
0.116003-1.317010i
0.467882-1.013100i
-0.830756+1.610563i
-0.386671-0.784142i
-0.620949-1.427771i
-1.270972-0.528576i
-1.486099+1.181881i
-2.115003+1.944324i
-1.627421+0.025991i
0.508885-0.099814i
-0.982000+0.835044i
-1.815153-1.178049i
0.511697+0.598294i
-1.088921+0.923363i
-1.352132+0.065684i
-1.391834+0.036705i
-0.809778-0.616088i
1.590122+1.333405i
-1.496378+0.748134i
-1.484163+1.227629i
-0.357331-0.915919i
-3.900189+1.071548i
-1.044173-0.948706i
1.654548+1.644340i
-3.422764+1.388284i
-0.471922-0.911543i
-1.150653+0.177717i
-2.276623-0.188094i
-0.579884-0.552114i
-2.051719-0.924413i
-0.782767-0.009811i
-1.234583+0.238517i
-2.139841+0.450491i
-0.679526+1.001944i
-1.751921-1.452904i
-0.011495+1.288751i
-0.651814+0.576002i
0.106330-0.128752i
-0.799031+1.073672i
-2.375101-1.801922i
-0.258205-0.936588i
1.084248+0.983555i
-1.372667-0.862202i
-0.001834+2.301811i
-0.181353-1.217581i
-0.112420+0.503698i
-0.241939+0.216488i
-1.727599-0.455634i
-2.037673+0.176862i
-0.160542-0.123420i
-0.947369-0.554441i
-1.780952+1.127692i
-1.756325+0.442303i
-1.127073+1.290978i
-2.145555-1.598213i
-2.057738+0.299764i
1.029109-0.930860i
-1.751076+0.998073i
1.471140-1.730386i
-1.452180+1.164428i
1.161087-1.650642i
-2.137612+0.052311i
0.148490+1.154127i
-1.402638+1.181969i
-0.924015-0.624803i
-0.756439-1.102649i
-1.203636+0.751836i
1.873055-0.409888i
0.056030+0.478678i
-2.243845+1.671713i
-0.384188-0.973867i
-0.134569+0.586488i
1.715527-1.649546i
-2.792224+0.349974i
-2.969976-1.993255i
-1.509580+0.941390i
-2.365744+1.155819i
-3.776435+0.226459i
-0.790222+0.405997i
-0.397699+0.188347i
-1.277168-0.023691i
0.717043-0.516667i
0.412764-1.195952i
-1.383377+0.526734i
-1.047518-0.740667i
-0.350885-0.250172i
-1.663639-0.803021i
-0.264685-0.636580i
0.312577+1.635587i
-3.469150-0.443075i
-1.008071+0.339816i
-1.540387+2.675323i
-0.170426-1.009886i
-1.195583+0.889207i
-0.726461+0.476195i
0.344366+0.951906i
-1.639065+0.141112i
-1.386314-1.113068i
-1.154106-1.934790i
-0.390922-1.247889i
-1.958000+0.599854i
-0.482675+1.561366i
-0.917352-0.028437i
-1.525736+0.354292i
-1.123576-0.698354i
0.287551-0.509679i
-0.496924+0.271368i
-0.100749-0.680830i
-0.952336+1.030776i
-1.755125+0.681560i
-1.122525-0.739507i
-0.153016+0.573025i
-0.716503-2.097046i
0.917132+0.700850i
-1.585761-0.417358i
-1.902101+0.765310i
-1.236061-0.267317i
-1.571683-0.434073i
-0.453764-1.857137i
-0.996489-0.109218i
-0.979954+1.525303i
-2.151500+0.842665i
-0.087681-1.757853i
0.644829+0.171776i
-1.700518+1.022450i
0.134332-0.726141i
-0.084391+0.829582i
-2.504519-0.151777i
0.020016+0.431306i
-2.076125-0.308580i
-0.891316-0.070370i
0.922232+0.017751i
1.223283+1.321177i
-0.678803-0.093173i
-2.613126+0.759912i
-0.365351+0.727970i
-2.836204+0.071012i
-2.340487+0.339452i
-2.139772+1.587119i
-2.291714-0.915509i
-0.305101+0.524102i
-1.478474-1.661253i
-1.702787-0.225094i
-3.133159-0.000297i
-1.451571+0.482512i
-1.469251-0.531938i
0.526465+0.694459i
-1.496974+0.065279i
-2.696789+1.813697i
-2.021110+0.204169i
-0.861374+0.594983i
-0.559294-1.568498i
-1.032283-0.195141i
-2.477587+0.686519i
-2.259892-0.100058i
-0.541338-0.479242i
-1.208582-1.064557i
0.440518-0.399107i
-0.546684+0.376917i
0.432783-1.298140i
-0.487673-0.131040i
-1.924786+1.017921i
-0.779073+0.774703i
-1.237447-0.960982i
-0.968059-1.534708i
-1.872040-0.108243i
-2.151491+2.075819i
-1.456252-0.359379i
-2.010483+1.205527i
-0.726058-0.361232i
-2.037149+0.866176i
-3.658213+0.628904i
-0.980118-1.005317i
0.035943+1.815803i
-1.553304+1.088180i
-0.296265-0.603150i
-2.230726+1.152944i
-2.204095-0.603415i
-1.940502+1.545891i
-1.839495-0.100362i
-0.086698-0.509677i
-1.271458+2.219335i
-2.230341+0.924790i
0.232398-0.793388i
0.710835-2.168593i
-2.558388+1.033536i
-0.532611+0.672251i
0.058375-0.042718i
-0.269000+0.901728i
-0.210126+0.374483i
-1.696888+0.050533i
-1.465534-0.783120i
-1.169216+0.829220i
-2.055563+0.488650i
-1.755840+0.370342i
-1.018716-1.211348i
-0.327986+0.557749i
-1.207629-0.119548i
-1.182510+0.115382i
-0.860444+0.978547i
-1.877505-1.039193i
0.497083-0.590863i
0.853977-0.064208i
-0.468621-0.093708i
-0.925163-0.772339i
0.793461-0.448917i
-1.877283+0.253566i
-2.323926+0.320387i
-2.639406-1.484902i
-0.995071-0.326289i
-0.348958+2.003151i
0.453070-0.439361i
-1.397094-0.185556i
-1.531948+1.817327i
2.091111+0.385168i
-1.568899-1.381372i
-2.052175-0.611495i
-1.159104-0.745143i
-2.890267-1.527747i
-2.206963+0.008108i
-1.398161+0.333492i
-1.034329+0.755301i
0.625875-0.234621i
0.757553+0.593828i
1.125863+0.752111i
-1.205423+0.620839i
-1.051156+0.203327i
0.218366+1.757861i
-0.405450+0.849161i
-2.123124+0.367387i
0.295837+1.586211i
-0.755358-1.057245i
0.338874-1.083164i
-1.646271-0.625905i
-0.965952-0.703839i
-2.238114+0.300516i
-2.355119+0.346218i
0.564436+0.991008i
-0.674588+1.208774i
-1.199652-0.619976i
0.721414+2.387260i
-0.607292-1.079019i
-2.255620-0.979283i
0.430640-0.245960i
-1.321691+1.116693i
-0.631451+1.393743i
-0.167253+1.405717i
-2.927095-0.282395i
-1.600296+1.041034i
0.189870+0.383369i
-1.449248-2.114462i
-0.089865+0.197981i
0.450294-1.923127i
-0.834474-0.117542i
-0.205770+0.578250i
0.784608+2.049832i
1.699734-1.401930i
-0.803676+1.565693i
1.356923+1.126896i
-1.543773+0.907093i
-1.607561+0.983106i
0.336229+2.286611i
0.199143+1.332727i
-0.057382-1.123367i
0.870240+1.603418i
-0.831240+1.061868i
-2.466294-0.530074i
DONE


get_i(0): EOF on input.
exit: Tue Apr 16 14:44:15 2024

