MIMD version 7.8.1
Machine = Scalar processor, with 1 nodes
Host(0) = LEON-DELLGE-UBU
Username = leon
start: Tue Apr 16 14:24:21 2024

type 0 for no prompts, 1 for prompts, or 2 for proofreading
nx 4
ny 4
nz 4
nt 4
LAYOUT = Hypercubes, options = with fixed input-parameter node_geometry
ON EACH NODE (RANK) 4 x 4 x 4 x 4
Mallocing 0.4 MBytes per node for lattice


reload_serial ../milc_4444.lat
reading as archive format with byte reversal
reading Archive header:
DATATYPE = 4D_SU3_GAUGE
DIMENSION_1 = 4
DIMENSION_2 = 4
DIMENSION_3 = 4
DIMENSION_4 = 4
CHECKSUM = 663c5435
FLOATING_POINT = IEEE32BIG
LINK_TRACE = 0.1435427252
PLAQUETTE = 0.6187932211
ENSEMBLE_ID = 
SEQUENCE_NUMBER = 0
MILC_INFO = -------BEGIN-------
time_stamp = "Wed Oct  4 15:36:12 2023"
checksums = "0 0"
nx = 4
ny = 4
nz = 4
nt = 4
magic_number = 20103
time_stamp = "Wed Oct  4 15:36:12 2023"
checksums = "0 0"
nx = 4
ny = 4
nz = 4
nt = 4
action.description = "Gauge plus fermion"
gauge.description = "Symanzik 1x1 + 1x2 + 1x1x1 action with HISQ quark loops"
gauge.nloops = 3
gauge.nreps = 1
gauge.beta11 = 5.800000
gauge.tadpole.u0 = 0.855350
gauge.ssplaq = 1.853494
gauge.stplaq = 1.859265
gauge.nersc_linktr = 1.435427e-01
gauge.nersc_checksum = 1715229749
quark.description = "HISQ action version 1"
quark.dyn_flavors = [3] 2 1 1
quark.dyn_mass = [3] 0.013000 0.065000 0.838000
MILC_INFO = --------END--------
END_HEADER
Restored archive gauge configuration serially from file ../milc_4444.lat
Archive style checksum = 663c5435 OK
Time to reload gauge configuration = 8.831024e-04
CHECK PLAQ: 1.8534944606116894e+00 1.8592648733410029e+00
CHECK NERSC LINKTR: 1.4354272509505014e-01 CKSUM: 663c5435
Reunitarized for double precision. Max deviation 9.47e-08 changed to 4.44e-16
Time to check unitarity = 5.238056e-04

Solution vector:
0.653159-0.297761i
0.790960+0.422525i
-0.237492-0.172560i
-0.545583+0.329035i
-0.528688-0.824447i
0.284350-0.107563i
-0.822125-0.448286i
0.354844+0.596311i
-0.386096+0.820473i
-0.832553-0.022985i
-1.593099-2.251055i
-0.429520+0.609919i
-0.032035-0.921600i
-0.451229+0.945919i
-1.916690+0.829531i
-0.563875+0.354652i
0.645606+0.530934i
-1.455329-0.014628i
-1.300234+2.737249i
-0.898884+0.416138i
-0.701349-1.243759i
-1.496411+0.469761i
-2.154905+0.061281i
-0.958085-0.306274i
-0.476608-0.267299i
-1.141812-0.394051i
0.045285-0.435342i
0.685103+0.053850i
-2.794794+0.535589i
-2.202047+1.678224i
-1.260105-0.418443i
-0.932934-0.406982i
-1.254937+1.013830i
-1.947570-1.308899i
-1.088436+0.822458i
-2.876109+0.464391i
-0.825945-0.765831i
-2.935378+0.321898i
-3.618757+0.549865i
-1.429477+0.092369i
-0.886229+0.268182i
-1.264462-0.946751i
-1.139808-1.679498i
-1.377679-1.010501i
-1.183435-0.013495i
-1.157506-0.207166i
-0.917025-1.197178i
-1.419023-0.148116i
-2.287072+0.307136i
-2.016028-0.924495i
0.643211+0.474541i
-1.337060-1.497455i
-2.410912+0.019301i
-3.390467+0.269020i
-1.375094-0.980410i
-0.651761-1.184421i
-0.590762+0.058032i
-0.669580+1.162624i
-1.907148-0.998920i
-1.925515-0.638877i
-1.736672+0.502229i
-1.159495+0.022656i
-0.493599+0.462395i
-0.538869-1.176357i
-0.970573-0.705746i
-0.592480+0.583359i
0.016710+0.412710i
-1.452595+0.119587i
-1.594900-0.459161i
-2.540210-1.950213i
-1.389591+0.433554i
-2.328741+0.589620i
0.028967-0.474117i
-1.439227-0.221814i
-1.215918+0.893189i
-1.393829-0.752348i
-0.852143+0.559745i
-0.075629-0.202967i
-0.612592+0.290916i
-2.687130-0.243533i
-1.710711-1.269550i
-1.314903-2.272164i
-1.165484+0.271505i
-1.811550-0.557515i
-2.303744+0.101621i
-1.449437-0.573166i
-1.373517+1.120924i
-1.209836+0.130308i
-0.739226+2.213753i
-1.815224+0.426794i
-0.077001+1.167781i
-1.552573-0.301042i
-0.819213+1.104761i
0.209450-1.112128i
-2.453802+2.229337i
0.596533-0.326898i
0.277927+0.163801i
0.275757+1.308573i
-1.320955-0.225031i
-0.817774+1.680470i
1.027199-0.454689i
-1.035042+0.804035i
-2.226755+1.403794i
-1.210227-0.351166i
-0.692004+1.078820i
-1.832290-0.475035i
-0.095190-0.821586i
-0.353811-0.069599i
-1.837187+1.438241i
-0.902047-0.782560i
-0.437127-0.591462i
-0.903416+0.451234i
-1.527170+0.764208i
-0.803533-1.464766i
-1.954157+0.059362i
-2.278575-1.040523i
-0.902426+0.898144i
-0.220484-0.125401i
-0.385843+0.322838i
-0.497383-0.120848i
-0.743569-0.003047i
0.813532-1.469739i
-2.749769+1.319151i
-2.247105+0.251971i
-2.171087+1.035990i
1.453160-0.937163i
-1.176219-0.123673i
-0.516512-0.860385i
-1.886842+0.896773i
-0.823159-1.021796i
-1.449754-0.864666i
-0.953485-1.243248i
-1.386920-1.785667i
-0.258114+0.968234i
-0.364529+0.224634i
0.002737-0.036709i
0.099812+0.134137i
-0.510619+0.891322i
-0.289437-0.498201i
-0.698165+1.161126i
0.285221-0.021939i
-1.956768+0.621700i
-0.713230-0.559428i
-0.111242-0.370489i
-0.843178-0.328188i
-1.976624+0.780889i
-0.255933-0.696018i
-2.004063+0.140626i
-0.822920-0.823521i
-2.656976-0.404657i
-2.265681-0.329289i
-0.048773-0.060611i
-0.110671-0.076117i
-1.042071-0.377937i
0.692892-0.271880i
-1.798339+1.021681i
-0.842627-0.400818i
0.197485-0.077630i
-0.052335+0.418534i
-0.706543-0.048516i
-2.612418-1.471835i
0.215394+1.050317i
-2.061367-0.039068i
-1.356086+1.712160i
-1.130105-0.854800i
-0.906886+0.390872i
-0.557422-0.160445i
-0.163006+0.512581i
-0.012224+0.645491i
-0.332617-0.088332i
-2.947075-0.302075i
-1.813080+0.582674i
-0.990734+0.962844i
-1.856446-0.092253i
-1.302928-0.665814i
-3.300363+1.259717i
-0.395191-1.084053i
-2.295281+1.769296i
-2.267737-0.414817i
0.330377-0.646695i
-0.968277-1.394011i
-1.852806-0.166220i
-0.154467+1.297695i
-1.858867+1.211455i
-1.249804-0.498574i
-0.560027-0.257596i
-1.219772-0.055360i
-1.525221-0.737588i
-1.264981-1.077428i
-0.655485-0.595069i
0.385489+0.146638i
-1.072164+0.606067i
-0.640801-0.447247i
-0.785713+0.224968i
-0.415481+0.013105i
0.204700-0.694702i
-0.028334-1.568424i
0.297346-0.822139i
-0.957305-0.227395i
0.332228+0.394734i
-0.753388+0.252176i
0.121710+0.816332i
-1.618780+1.115116i
-1.226606-1.232528i
-1.509538-0.994285i
-1.460624-1.622998i
-0.852676+1.121512i
0.259203+1.073550i
-1.216853+1.345935i
-1.211090-1.095511i
-1.431648+0.277808i
-0.534884+0.824473i
-0.511346+0.630513i
-0.182956-0.194474i
-1.326160-1.670987i
-0.903806-1.870093i
-2.070549-1.364364i
-0.259613+0.456574i
-0.486439-1.477963i
-1.547599+0.250852i
-0.028583-0.220881i
0.247335+1.682808i
-1.782263+0.977088i
-0.472650+1.031781i
-1.604303-0.318272i
-0.010269-0.539655i
-2.429056+1.177088i
-1.449459+0.246279i
-2.295055-1.532128i
-1.259408+0.084558i
-1.192759+0.830720i
-1.769671-0.141108i
-0.269359+0.606629i
-0.644967-0.418453i
-1.583952-0.267160i
-0.201144+0.740764i
-1.338133+0.342276i
-0.851980-0.390556i
-1.347681+0.012535i
-0.342033-0.437079i
0.488881+1.277390i
0.776235-1.589172i
-1.172623-0.112574i
0.063914+1.073423i
-0.930167-0.056941i
-1.229760+1.620918i
-0.191340-0.303554i
-0.337862+0.635808i
-1.208139-0.736148i
-1.141213-1.617715i
-1.380078-0.490951i
-1.971715+0.647345i
-1.594364-0.232636i
-1.773194-1.163956i
0.738361-1.173527i
-1.379171-0.172728i
-2.515010-0.678064i
-0.622060+0.171291i
-0.674876+1.640290i
-2.137912+0.668534i
0.268772-0.838930i
-0.051660+1.134000i
-2.710533-0.487207i
-1.495430+0.702977i
-0.984110-0.424554i
-0.272617+1.676432i
0.267908+0.204525i
-0.351372-0.501163i
-0.124322-0.811189i
1.166792+0.881187i
-0.480331+0.150430i
-1.998892-1.441263i
0.892257+2.442394i
-0.528108+0.704401i
-0.681681+0.445740i
-1.326833-0.165388i
-0.272719+1.717380i
-1.411164+1.193899i
-1.512846+0.377358i
-1.514401+0.143719i
-3.607712-1.205691i
-1.543665+0.843861i
-1.825225-0.633869i
-0.387972+0.061888i
-0.567981+0.539267i
-0.170879-1.000163i
-0.747908+0.010889i
-1.481674+0.421347i
-1.322033-0.697301i
-0.606151+0.385255i
-0.690653+0.818273i
-2.455862+0.874428i
-2.286850+1.915474i
-0.422945-0.275270i
-2.022702+1.284877i
-1.437737+0.325519i
-2.476269-0.606243i
-1.777888-0.546066i
-0.472493-0.701130i
-4.187909+1.825991i
0.020721+0.246017i
-0.596953+0.764342i
0.156259-0.968622i
-1.864492+0.238863i
-0.693386+1.086323i
-2.969517-0.794784i
0.232786+0.916278i
-1.533582+0.628486i
-1.115628+0.033579i
-0.667455-1.304501i
-0.594329+0.492655i
-1.550273-1.136638i
-1.295725-0.346474i
0.152233+0.535350i
-0.553839+0.924802i
-1.303959+1.121369i
-2.191641+1.107958i
-0.017420+1.493421i
-0.453720+0.019167i
0.356290+0.835984i
-1.462707-0.464638i
-0.698042+1.116980i
-0.134957+0.523669i
-1.986874-0.028500i
-1.323490-0.336571i
0.177122-0.566058i
-1.290349+0.634244i
0.231409+0.068252i
-0.565542-0.326084i
-1.929719-1.509777i
-0.198633+0.156437i
-0.631104-0.008576i
-0.610043-1.308124i
-1.566437-1.197705i
-1.405870+0.872450i
-1.049995-0.008889i
-2.341838-0.094899i
-0.753799-1.370977i
-0.115613+1.296197i
-2.592522-0.574914i
-0.912742+2.076863i
-0.795387-0.400848i
-0.820975+0.036195i
-0.071449+2.103285i
-1.924198+0.879680i
-1.160606+0.963684i
-0.150597-0.931542i
0.173156+1.192402i
-2.088908+1.842308i
-1.210416+0.629670i
-0.236359+0.342519i
-0.325876+1.219242i
-2.053511+1.684906i
-2.097940+0.747795i
-2.212623+0.356205i
0.143349+0.713745i
0.845017+0.953832i
0.449221+0.147292i
-1.782451-0.433730i
-0.885628+0.433412i
-2.130849+0.734966i
1.238391+0.861098i
-0.242060+0.860015i
-0.443555+0.830509i
-1.099397+0.056781i
-1.180537+0.605886i
-2.235537-1.162434i
-0.830069-0.991572i
-2.687500-0.476551i
-0.408114-1.432935i
-1.838937+0.841765i
-1.262125+0.416110i
-2.031405+1.038022i
-0.835607-0.790471i
-1.007410+1.500691i
0.713645-0.181651i
-1.735017+1.027589i
-0.590819-0.155986i
-0.857934-0.936257i
-2.139424+0.637806i
-2.493078+0.636845i
-0.126747+0.240785i
-0.679848+2.944641i
-1.664569-0.534464i
-0.516795+0.309228i
-1.301320-0.278426i
-3.456446+0.227738i
-3.803330-0.565337i
0.239004+0.128773i
-0.912620-0.397269i
-1.726940-1.040598i
0.772747+0.140427i
0.741162+2.289808i
-0.650452-1.645375i
-0.445236-1.175481i
-1.164675-0.716566i
-2.218675+1.218489i
-2.521653+0.702319i
-0.749440+1.279056i
-0.627411+0.507528i
0.474957-1.173025i
-0.813971+2.113522i
-1.845219-0.212722i
-0.295936-1.513885i
-0.473844-0.412297i
-0.970082-1.032574i
-1.480917+0.006492i
-0.915869-0.772482i
-0.561236+0.845620i
2.344520+1.074518i
-1.694318+0.471603i
0.042334-0.231368i
-0.031798-0.174815i
0.361551+2.534113i
-2.342237-0.340338i
-0.720139-0.113792i
-0.516807+1.343964i
-0.437471-1.687001i
0.773437+0.877831i
0.172551+0.000106i
-0.849362-1.245533i
-2.167137-2.163582i
-1.430106-0.713355i
1.678317-1.095458i
-1.562405-1.596370i
-0.687547+0.177326i
-1.049351-0.294693i
-0.635913-0.206361i
0.132300-1.038202i
-1.016281-0.452585i
-0.301468+0.278988i
-0.640645+0.119591i
-1.081261+0.856026i
-0.076073-1.211719i
0.219472-1.221722i
-0.887652-0.925743i
-0.650917-1.789256i
-0.361630+0.870722i
-1.455599+0.697104i
-1.671455-0.498679i
0.529514-0.144159i
-0.814545+0.152856i
-2.232223+0.511912i
-0.517076-0.664504i
-0.948531-0.187448i
0.507481+1.029580i
1.065136+1.465527i
-0.087255+1.072700i
-1.492746-0.480048i
-1.721741-0.759281i
-0.300685-0.208856i
0.534500-2.170115i
-1.953419+1.062810i
-0.655928+2.098693i
-2.118686-0.291378i
0.588281-1.212666i
-0.131866-0.419804i
-0.489701-1.158763i
-0.601697+0.233950i
0.353776+0.844963i
-0.045748-0.441188i
0.477869-1.719199i
-1.576320-0.686119i
-0.518655-0.590930i
-2.177841-0.062831i
-1.606704+0.624715i
0.617961+0.407277i
-0.112160+1.145115i
-2.429809+1.356224i
0.228758+1.933541i
-0.615570-0.962714i
0.496502+0.039667i
-1.843066+0.241450i
-1.334195-1.368628i
-0.411939-1.028465i
-0.309124+0.703396i
-0.554999-1.307879i
-1.324118-1.927353i
-1.562201+0.452166i
1.438295+0.628253i
-2.371003+1.700228i
0.899770-0.088460i
-2.790732-0.243369i
-2.279722-0.028147i
-1.551964+1.241773i
-0.613533+0.554872i
-1.520360-1.513962i
-0.658141+1.743151i
-0.748268-0.034169i
-0.487515-0.482527i
-0.335610-0.705930i
0.166363+1.316644i
0.070629+0.395812i
-0.959660+1.204440i
-1.902165-0.822570i
-0.020054+0.654510i
-0.889437+0.755708i
-0.566595+3.102722i
-0.632917-0.284838i
-1.543078+0.626839i
0.556842+0.130556i
0.178533-1.121888i
0.260305-1.041552i
-0.887772+1.451896i
-0.332906-0.749282i
-0.631919-1.444582i
-1.122873-0.433822i
-1.427617+1.019587i
-1.961531+1.778010i
-1.571308+0.006628i
0.489238+0.107195i
-1.045706+0.759147i
-1.726749-0.922087i
0.387211+0.361891i
-1.055053+0.927062i
-1.357047+0.016199i
-1.342675+0.191087i
-0.878366-0.553489i
1.460955+1.303341i
-1.493639+0.689756i
-1.333977+1.221677i
-0.203741-0.743460i
-3.705060+1.027736i
-0.976302-0.784453i
1.501560+1.511772i
-3.282189+1.218955i
-0.229176-0.732952i
-1.060245+0.180396i
-2.153518-0.036517i
-0.600949-0.572322i
-1.866191-0.896200i
-0.749109+0.039658i
-1.131875+0.273763i
-2.239736+0.307267i
-0.628681+1.114777i
-1.690259-1.341531i
0.004830+1.202263i
-0.486464+0.501399i
-0.036805-0.136805i
-0.744128+1.010492i
-2.246344-1.581901i
-0.112253-0.892763i
1.102491+0.884034i
-1.250144-0.710715i
-0.020344+2.077522i
-0.219034-1.187126i
-0.267073+0.531386i
-0.252461+0.319692i
-1.555619-0.523499i
-1.852084+0.076254i
-0.200037+0.012758i
-1.000994-0.481660i
-1.740774+1.087621i
-1.756609+0.545221i
-1.018548+1.086363i
-2.063927-1.386502i
-1.950873+0.262604i
0.923715-0.994065i
-1.736451+0.881076i
1.257937-1.548173i
-1.298099+1.163329i
1.168957-1.449755i
-1.937814+0.001590i
0.000703+1.018372i
-1.382946+1.064807i
-0.829926-0.502356i
-0.797520-1.026079i
-1.113081+0.827413i
1.713164-0.451594i
0.043960+0.424743i
-2.125395+1.561955i
-0.350122-0.923584i
-0.072993+0.533633i
1.593409-1.562575i
-2.557989+0.275607i
-2.786001-1.805220i
-1.323978+0.833767i
-2.105463+0.984913i
-3.665143+0.276457i
-0.812849+0.421704i
-0.305678+0.261086i
-1.302135+0.006919i
0.654945-0.616706i
0.401842-1.018136i
-1.305176+0.502737i
-1.026129-0.733774i
-0.279618-0.212150i
-1.446611-0.665374i
-0.279176-0.715551i
0.242567+1.535095i
-3.241216-0.426232i
-0.963238+0.427952i
-1.403841+2.480465i
-0.190246-0.864536i
-1.062242+0.859151i
-0.606046+0.580783i
0.194595+0.844125i
-1.466317+0.161253i
-1.294664-1.030764i
-1.142185-1.951702i
-0.485478-1.081761i
-1.824207+0.439209i
-0.545266+1.452414i
-0.737468+0.125196i
-1.395737+0.335063i
-1.104542-0.555114i
0.313433-0.427889i
-0.612240+0.281154i
-0.228043-0.462412i
-0.926079+0.883956i
-1.624833+0.543926i
-1.145034-0.625302i
-0.108842+0.446639i
-0.677048-1.912704i
0.762068+0.543055i
-1.421971-0.329198i
-1.638535+0.712303i
-1.121908-0.207651i
-1.419813-0.388070i
-0.451065-1.681789i
-0.946559+0.065886i
-0.994131+1.639844i
-2.085586+0.774418i
-0.170213-1.680222i
0.474775+0.007598i
-1.701556+0.930668i
0.063369-0.765482i
-0.108734+0.696277i
-2.429108-0.149264i
0.150459+0.293194i
-1.914222-0.339092i
-0.906507-0.019136i
0.693903-0.168016i
1.075161+1.036015i
-0.784395-0.085564i
-2.382133+0.694242i
-0.414032+0.728530i
-2.791578+0.105959i
-2.130671+0.317545i
-1.970678+1.516603i
-2.135286-0.755826i
-0.214438+0.595708i
-1.434798-1.444335i
-1.595701-0.304204i
-2.842401-0.000603i
-1.417964+0.579187i
-1.388075-0.439557i
0.261252+0.596617i
-1.324314+0.074619i
-2.595869+1.804288i
-1.964069+0.238289i
-0.753417+0.660206i
-0.737338-1.454969i
-1.021275-0.195198i
-2.223126+0.670434i
-2.226870-0.003023i
-0.685192-0.363234i
-1.202217-1.050270i
0.242028-0.363593i
-0.511005+0.310723i
0.546557-1.218116i
-0.575748-0.200355i
-1.908264+1.082684i
-0.781455+0.745741i
-1.246657-0.903651i
-0.923763-1.377175i
-1.629696-0.140598i
-1.994935+2.025258i
-1.430445-0.404802i
-2.069948+1.030570i
-0.699945-0.387297i
-2.044453+0.677643i
-3.459954+0.639505i
-0.902484-0.863724i
-0.112486+1.688064i
-1.444154+0.997109i
-0.492728-0.550873i
-2.028822+1.174942i
-2.171201-0.596815i
-1.728217+1.378125i
-1.876557-0.072599i
-0.205206-0.480383i
-1.196217+1.948144i
-2.176287+0.909233i
0.227044-0.734361i
0.576060-2.062955i
-2.473795+1.027540i
-0.650875+0.578383i
0.061516-0.086445i
-0.338089+0.879267i
-0.290751+0.309050i
-1.534135+0.080110i
-1.261595-0.734347i
-1.113009+0.808385i
-1.790191+0.429420i
-1.721274+0.460423i
-1.076849-1.145837i
-0.427373+0.549883i
-1.126452-0.144732i
-1.321265+0.120976i
-0.895109+0.947439i
-1.775585-0.927242i
0.509349-0.570913i
0.781604-0.087943i
-0.441446-0.081891i
-0.866986-0.642311i
0.667577-0.444939i
-1.860080+0.188571i
-2.167396+0.225951i
-2.461769-1.473993i
-0.922324-0.205777i
-0.310718+1.826004i
0.419268-0.348842i
-1.329962-0.147752i
-1.573748+1.724609i
1.942418+0.409726i
-1.497872-1.158644i
-1.974204-0.571731i
-1.040666-0.727177i
-2.769970-1.362901i
-2.217145+0.031988i
-1.275445+0.413576i
-1.035682+0.666013i
0.450601-0.191068i
0.678212+0.586355i
0.971019+0.586146i
-1.264707+0.552446i
-0.936092+0.123928i
0.207696+1.628242i
-0.504428+0.883756i
-1.931177+0.267853i
0.267709+1.470755i
-0.649493-0.962430i
0.249764-0.925765i
-1.502455-0.605376i
-0.978200-0.611311i
-2.126122+0.109500i
-2.168530+0.287662i
0.583624+0.881332i
-0.715670+1.056354i
-1.150708-0.473615i
0.599649+2.240081i
-0.592695-1.063417i
-2.179905-0.713372i
0.243824-0.095578i
-1.117726+1.130061i
-0.560465+1.150312i
-0.183900+1.402584i
-2.713623-0.179837i
-1.528378+0.963644i
0.060762+0.262558i
-1.348457-1.945796i
-0.154033+0.196300i
0.387553-1.726269i
-0.790872-0.034070i
-0.247852+0.469823i
0.606154+1.818756i
1.510627-1.432138i
-0.823844+1.539807i
1.202622+1.139119i
-1.487170+0.888848i
-1.647426+0.941209i
0.213428+2.138585i
0.054597+1.257102i
-0.244544-0.923897i
0.811118+1.457392i
-0.924076+0.991276i
-2.383588-0.513110i
DONE


ask_starting_lattice(0): EOF on input.
exit: Tue Apr 16 14:24:21 2024

