SU3 staggered valence fermions
MIMD version d1159-dirty
Machine = Scalar processor, with 1 nodes
Host(0) = LEON-DELLGE-UBU
Username = leon
start: Tue Apr 16 13:24:15 2024

Options selected...
Generic double precision
C_GLOBAL_INLINE
DBLSTORE_FN
D_FN_GATHER13
FEWSUMS
KS_MULTICG=HYBRID
HISQ_REUNIT_ALLOW_SVD
HISQ_REUNIT_SVD_REL_ERROR = 1e-08
HISQ_REUNIT_SVD_ABS_ERROR = 1e-08
type 0 for no prompts, 1 for prompts, or 2 for proofreading
nx 4
ny 4
nz 4
nt 4
iseed 1234
job_id test
LAYOUT = Hypercubes, options = with fixed input-parameter node_geometry
ON EACH NODE (RANK) 4 x 4 x 4 x 4
Mallocing 0.2 MBytes per node for lattice


reload_serial ../milc_4444.lat
u0 1
no_gauge_fix
forget 
staple_weight 0
ape_iter 0
coordinate_origin 0 0 0 0 
time_bc periodic
max_number_of_eigenpairs 0
number_of_pbp_masses 0
number_of_base_sources 0
number_of_modified_sources 0
number_of_sets 0
number_of_quarks 0
number_of_mesons 0
number_of_baryons 0
reading as archive format with byte reversal
reading Archive header:
DATATYPE = 4D_SU3_GAUGE
DIMENSION_1 = 4
DIMENSION_2 = 4
DIMENSION_3 = 4
DIMENSION_4 = 4
CHECKSUM = 663c5435
FLOATING_POINT = IEEE32BIG
LINK_TRACE = 0.1435427252
PLAQUETTE = 0.6187932211
ENSEMBLE_ID = 
SEQUENCE_NUMBER = 0
MILC_INFO = -------BEGIN-------
time_stamp = "Wed Oct  4 15:36:12 2023"
checksums = "0 0"
nx = 4
ny = 4
nz = 4
nt = 4
magic_number = 20103
time_stamp = "Wed Oct  4 15:36:12 2023"
checksums = "0 0"
nx = 4
ny = 4
nz = 4
nt = 4
action.description = "Gauge plus fermion"
gauge.description = "Symanzik 1x1 + 1x2 + 1x1x1 action with HISQ quark loops"
gauge.nloops = 3
gauge.nreps = 1
gauge.beta11 = 5.800000
gauge.tadpole.u0 = 0.855350
gauge.ssplaq = 1.853494
gauge.stplaq = 1.859265
gauge.nersc_linktr = 1.435427e-01
gauge.nersc_checksum = 1715229749
quark.description = "HISQ action version 1"
quark.dyn_flavors = [3] 2 1 1
quark.dyn_mass = [3] 0.013000 0.065000 0.838000
MILC_INFO = --------END--------
END_HEADER
Restored archive gauge configuration serially from file ../milc_4444.lat
Archive style checksum = 663c5435 OK
Time to reload gauge configuration = 5.960464e-04
CHECK PLAQ: 1.8534944606116894e+00 1.8592648733410029e+00
CHECK NERSC LINKTR: 1.4354272509505014e-01 CKSUM: 663c5435
Reunitarized for double precision. Max deviation 9.47e-08 changed to 4.44e-16
Time to check unitarity = 9.918213e-05
"Fat 7 (level 1)"
path coefficients: npath  path_coeff
                    0      1.250000e-01
                    1      -6.250000e-02
                    2      1.562500e-02
                    3      -2.604167e-03
Unitarization method = UNITARIZE_ANALYTIC
Unitarization group = U(3)
"Fat7 + 2xLepage"
path coefficients: npath  path_coeff
                    0      1.000000e+00
                    1      -4.166667e-02
                    2      -6.250000e-02
                    3      1.562500e-02
                    4      -2.604167e-03
                    5      -1.250000e-01
"1-link + Naik"
path coefficients: npath  path_coeff
                    0      1.250000e-01
                    1      -4.166667e-02
MAKING PATH TABLES
Combined fattening and long-link calculation time: 0.002373

Solution vector:
0.525791+1.011394i
-0.916971+2.210665i
-1.808903+0.935151i
-0.732324+0.087202i
0.269799+0.997809i
-1.149498+1.467524i
-2.216748+0.445229i
-1.030878-1.068941i
-0.327887+0.000723i
-1.445559+1.368997i
0.284313+1.258509i
-1.054616+0.690898i
-1.005266+0.017019i
-1.229797-1.596282i
-1.763199-0.712055i
-1.378206-0.317626i
-0.522137+0.925842i
0.137438+1.205610i
-0.431500-0.511207i
-0.206167+0.051473i
0.861981-1.190573i
-1.103657-2.463570i
-1.528472+0.123396i
-0.336927+0.357551i
-1.649682-1.687527i
-1.228062+0.782856i
-2.659615-0.884701i
0.854789-0.244059i
-2.248656+2.192141i
0.112803-0.035437i
-0.499948-1.674768i
-1.856182+0.312312i
-2.318440-1.392464i
0.166245-1.484132i
0.292716+1.006503i
-1.239907-0.326167i
0.000781-0.835388i
-2.096253-0.659190i
-0.532173+0.878265i
1.692692+0.330601i
-1.275916-0.363127i
-1.195492-0.941551i
-1.091274-1.738670i
-2.626942+0.130724i
-1.609166-1.750678i
-2.064190+0.405074i
-2.251353-0.164894i
0.712593-0.068850i
-1.790254+0.382413i
-2.887186-0.295407i
-0.171972-0.070473i
-0.015521+1.191542i
-1.756325+1.656941i
0.313099-1.214725i
-3.686588-0.117856i
-0.470870-0.248497i
-1.199903+0.316448i
0.721088-0.018709i
1.035537+0.796654i
-1.051935+1.291743i
-0.672546-1.010174i
0.261895+1.007729i
1.040810-1.914151i
0.462954-1.044395i
-3.104943-1.880275i
-0.125388-0.266099i
-1.248409-0.349056i
-0.448184-1.031337i
-0.243632+0.599134i
-0.958299+0.136400i
-2.691115-0.107480i
-1.604621-0.506152i
-1.224276+0.087096i
-0.440398-0.331585i
-0.581250+0.367237i
-1.460833-0.729023i
-2.728787+0.206863i
-1.736307+0.976212i
-0.744796-0.625321i
-1.233018-1.107812i
-0.503083+0.127679i
-2.611065-1.000191i
-1.708855-0.513698i
-0.095814-0.557636i
-1.940301+0.287869i
-1.701980+0.684285i
-1.362584+0.359572i
-0.920250-0.541565i
-1.994257+0.042190i
-1.044291-1.073770i
-0.705013+1.362072i
-2.396936-1.850285i
-1.007973+0.011819i
0.443687-1.242659i
-0.220233+1.408012i
-0.439693-1.059382i
-0.931090-0.703631i
-0.796955+1.076783i
-2.154778+0.611325i
-2.261025+0.563957i
-0.032810-0.525154i
-1.648103+0.952192i
-1.667055+0.459108i
-0.209472+0.245186i
-1.523998+1.179562i
-1.039175-0.823373i
-1.721430+1.478705i
-2.180864+0.230623i
-0.323144+0.837960i
-0.424661-0.707276i
-0.620431-1.992602i
0.803452+0.170754i
-0.469391+0.577804i
0.352963+0.662699i
-1.379130+0.258705i
-2.584386-1.822132i
-0.824286-0.675634i
-3.946879+1.197219i
-2.179791+1.065329i
-2.828380-0.881147i
-1.135231+0.181829i
-1.165271-0.532089i
-1.035179-0.264723i
-1.580411+0.520265i
-0.955830-1.951707i
-1.572342-0.594689i
-0.274869+0.338691i
1.441812-1.252980i
-1.355244+0.463927i
-1.542021+1.068966i
-0.373123-0.939952i
-3.425747+1.657415i
-1.945239-1.012820i
0.399327-0.652593i
-0.712535+0.072462i
-0.777994-0.526656i
-0.335197+0.055123i
-1.404544-1.207141i
-4.048557-1.536386i
-0.477486-1.371796i
-1.510424-0.436733i
-0.160911+1.955674i
-1.369258+0.242676i
-2.056672-0.227615i
-1.333745+1.313207i
-1.193217+0.217280i
-1.778856+1.191023i
-0.369690+0.513968i
-0.572817+0.103961i
-2.372457-1.125039i
0.698327-0.623491i
-1.326988+0.607336i
1.304576-0.753189i
0.987502+0.360127i
-1.324903-1.253517i
-2.055152+1.492219i
-0.149646-0.538745i
1.073299-1.408486i
-0.362625+1.154926i
-1.426843-0.769431i
-1.314228+1.401415i
-1.046864+0.546430i
0.464653-0.285391i
-1.275931-0.362883i
-0.766711-0.687033i
-1.788222+0.358004i
0.059583-0.687931i
-2.389880+0.719439i
-0.368963+1.406638i
-0.446324-0.008277i
0.178641+1.336987i
-0.770853-0.142744i
0.255137+0.096871i
-2.361520+1.229079i
-1.120800-1.151994i
-0.424290+1.481119i
-1.031263-0.738323i
-3.159314+0.405383i
-1.868982-0.467765i
-0.173965-1.114967i
-1.115845-0.783122i
-0.954402-0.949620i
-1.169083-0.885714i
0.511189+0.325261i
-1.857551+0.826710i
-0.534545+0.667183i
-1.820564-0.885873i
-0.937317+0.553693i
-2.033113+0.945560i
-1.810717+0.462894i
-0.725495-0.863985i
0.098157+1.404893i
-0.044058+1.876268i
-0.206633-1.047577i
-0.409189-0.907061i
-0.620318+1.702190i
-1.211830-0.311630i
-0.415334-1.629298i
0.640839-0.368167i
0.318967-0.258251i
-1.361885-0.641634i
0.568955-0.245756i
-1.410599+1.802982i
-0.024287-0.515468i
-1.142471-0.234824i
-2.739041+1.454264i
0.396811-0.169497i
-0.928546-0.596954i
-0.107668+1.128351i
-2.149362-1.611305i
-0.387537-1.388676i
0.973461-0.681999i
0.175615+0.263531i
-2.104083+0.015030i
-0.105773-0.504275i
-0.476344-0.579034i
-0.656484+0.531718i
-2.115808+1.034171i
-1.044806+1.240203i
1.959227-0.218178i
-1.208730+0.327591i
-1.326915-0.466894i
-0.553816-1.467443i
-1.496608+1.567138i
-1.215630-0.130245i
0.242616-0.729576i
-1.875567-1.329929i
1.321549-1.452465i
-1.985745-1.435144i
-0.965578+0.226751i
-0.707517+0.690523i
-0.339706-1.089987i
0.519430-2.092244i
-1.317046-1.077142i
-2.700843-0.746937i
-0.842053+0.786608i
-2.581798+0.087891i
-1.456982-0.795811i
-1.915700+0.109708i
0.487835+1.036751i
0.294841+0.989410i
-0.527465-1.343939i
-1.907507-1.053971i
-0.767325+1.036687i
-0.805104-1.769434i
-1.759839+0.663145i
-2.007340+0.103037i
-1.001701+1.503472i
-1.487835+0.803436i
-0.959806-1.703634i
-1.342782+2.019887i
-2.185397+0.155544i
-0.120840+0.897494i
-1.071196+0.853084i
-0.921405-1.590594i
-0.495218-0.713036i
-1.438892-0.845118i
-2.181803-1.218066i
-0.842059+1.469380i
0.077100-0.820986i
-0.369463+0.641035i
-0.697744-0.649468i
-2.535321-1.044185i
-0.127449+2.709915i
-0.637215-0.927966i
0.156615+1.505884i
-1.363500+1.504022i
-0.139383-2.406102i
-0.234011+0.090576i
-1.299891-1.046155i
0.805262+1.741776i
-1.682579+0.440538i
0.121563-0.205126i
0.235583+0.899471i
-1.546242-1.028235i
1.663410+0.476866i
-1.254611+0.160797i
-1.377055+1.889056i
-0.509398-2.171483i
-0.079103+0.671238i
-0.064329-1.884313i
0.124410+0.759895i
1.406512+2.099288i
-1.579569+0.266622i
1.128089+0.711509i
-1.734136-0.437069i
-2.044314-0.382637i
-1.198330-0.578272i
0.584792+1.669996i
-0.963667-1.794689i
-0.196075-1.344429i
-0.871691-1.422639i
-3.136181+0.954876i
-2.812631+0.517186i
-2.987798+0.995611i
-1.539569-0.133249i
-1.269272-1.713552i
-3.087975-1.713429i
-2.272704-0.557253i
-1.383813-0.153209i
-1.312629+0.347465i
-0.942587+0.360809i
-0.502676-0.443702i
-0.860889-0.249620i
-0.879826+0.210951i
-1.639690+0.633540i
-1.292862+0.043507i
-1.448831+1.317772i
-3.482349-0.385291i
-0.974066-0.520555i
-1.648131-0.131680i
-0.408862+0.402940i
0.321248+0.863514i
-2.117911+0.326884i
0.699673-0.494153i
0.148007-0.295214i
-1.830379+2.318908i
-0.430644+1.346952i
-1.647091-0.242484i
-0.709889+2.070806i
-0.545745+0.038117i
-1.753232-2.418609i
-2.491481+0.845332i
-2.983343-0.836281i
-2.445991-0.253895i
-0.917679-0.086595i
-2.557346-1.315553i
-2.302937+0.738275i
1.464610-0.372891i
-2.725960-0.251956i
-0.958723-0.247663i
-0.043485+0.967806i
-2.367480-0.527309i
-0.739041+0.771057i
0.222079-0.167451i
-1.911670+0.082655i
-1.135259+0.784922i
0.222748+0.646924i
-1.647149-0.876359i
-1.377803-0.032050i
-0.512580+1.167436i
-0.384374+0.596222i
-1.011651+0.359850i
-2.076690+1.777703i
-1.010508-0.846051i
-2.168935-0.193523i
-0.805104-0.261181i
0.716339+0.230930i
-1.968432-0.003744i
-1.265235+1.710477i
-1.760273+1.150536i
-0.879191+0.867812i
-1.642603-1.140552i
0.373197+1.445606i
-3.670893+0.924458i
0.248903-0.508710i
-1.069756+0.431627i
0.489810+2.191796i
-1.621073-0.755615i
-1.789567-0.561137i
-2.148460+0.946500i
0.320121+0.611801i
-0.970352+1.096501i
0.235000-0.607272i
-2.508023+0.094551i
-3.164370+1.407266i
-0.321002-0.950641i
-2.350545-0.562799i
-0.748362+1.511800i
-2.360937-0.836813i
-0.218406-0.644346i
-0.908672-1.578805i
-2.183151+1.074862i
-1.371946-0.319040i
-0.901516+0.882805i
-0.119783+0.778832i
-1.757339+2.253182i
-0.131169-1.505615i
-1.550567-1.209504i
-1.383965+0.496560i
-2.114856-0.349166i
-0.092777-0.691922i
-0.382567-0.880443i
0.541600-1.363076i
-0.812665+0.019076i
-1.215387-0.282402i
-1.762119+0.411183i
0.156199+0.347032i
-1.506975+0.089869i
0.752776+0.848398i
-1.036033-0.527312i
-0.155445+0.864387i
-0.247339+0.187983i
-0.746757+0.782446i
-1.064117-0.771472i
0.337564+0.379417i
-1.594283+0.379867i
-0.625482-1.602515i
-2.733560+0.599023i
-3.303562+0.504085i
-0.962549-1.148830i
-0.982834+1.052444i
-0.855439-1.599645i
-0.576622-0.351515i
-0.806228+0.798631i
-0.205180+0.439859i
-0.206165-0.304228i
-1.005351-1.123039i
-0.657073+0.394218i
0.084760-0.498836i
-2.677107-1.418100i
-1.982859-0.775458i
0.486711-2.519370i
-1.690003+0.446259i
-1.108066+0.276723i
-0.497801-1.471348i
-1.301490+0.498823i
1.136642-1.276611i
-0.706373+0.587102i
-1.162350+0.243458i
-1.051847-1.077469i
0.932648+0.323414i
-0.131111-1.573911i
0.963581-0.858968i
0.576098-1.209330i
1.167864+1.328348i
-1.319638+0.292992i
0.038312+0.054555i
-0.831154-0.910799i
-0.466518-2.060901i
-1.214671-0.367484i
-1.029251-0.223152i
-1.569813-0.367977i
-0.020009-1.221678i
-1.381810-0.898493i
-0.093795-0.455997i
-1.413760+0.552173i
1.465363-0.345551i
-0.103576+0.168238i
0.546063-0.935793i
-2.734759+0.669800i
-1.272727-1.019665i
-1.544366-0.467509i
-1.381511-0.731335i
-1.450282-0.110382i
-1.085030-1.324701i
-0.872843+0.039971i
0.103084+0.536544i
-1.872832+0.366489i
-1.093164+0.198623i
-0.742591+1.382564i
-0.728510-0.205508i
-1.662257+0.335723i
-2.022645+1.047620i
-1.308735+0.390410i
1.048033+0.671550i
0.088895-0.314420i
1.190991+0.301955i
1.195479+1.666509i
-0.819826+1.988186i
-1.482133+0.197552i
0.545338+0.558534i
-1.915401-0.124632i
0.445662+0.422187i
-0.802685+1.549497i
-0.028196-0.096986i
-0.522968-0.300865i
-0.685392+1.481016i
-2.227735-1.109634i
0.454255-0.689271i
1.187737-0.370765i
-0.454384-1.545679i
-0.332792+0.024895i
-1.264444-1.240619i
-1.167937+0.301454i
0.314762-1.311247i
-1.369120+0.949768i
-1.894628-1.870669i
-0.611098-0.412509i
-0.210399+1.125323i
-2.913642-1.724082i
-0.375042+1.103624i
-2.489015-0.833791i
1.413104-0.426944i
0.213206-0.042432i
1.328711+1.409025i
-2.290055-0.080179i
-1.193117+0.779604i
0.977139-0.662362i
-0.711409-0.750562i
-1.103909+1.470703i
-1.491201-0.732721i
-0.065893+0.530555i
1.708681+1.607192i
-2.600989-0.212170i
-1.280597-0.545432i
-0.948423-0.567276i
-1.004463-0.879266i
-1.092672-0.316175i
-0.954936+0.159767i
-0.538225-1.540391i
-0.961259-0.754375i
-1.299020+1.504508i
0.326132+1.431837i
0.011253+1.276836i
0.359810+0.515643i
0.432230+0.678940i
-2.280821+0.263040i
-0.694557+1.544073i
-2.554485-0.091982i
-1.746749+0.115774i
-1.740445-1.448369i
-0.609006-1.544801i
-1.971953+1.099003i
-2.346641-0.233162i
-0.455158+1.526153i
-1.719644+1.134406i
-0.763060-0.155340i
-0.677725-0.767158i
-1.826972+0.053702i
-1.272678-0.347074i
-1.170962-0.275855i
-0.219401+0.104532i
0.289118-1.521901i
-1.173063+1.064419i
-0.719730-0.396713i
1.926845+0.710016i
-1.239183-1.788533i
-0.812689-0.729605i
-1.046218-0.382595i
-1.666592-2.672733i
-1.143233-0.583389i
-1.025429+1.622513i
-3.687944+1.534495i
-1.316977+2.105194i
-2.122590-0.347076i
-2.054771+1.479108i
-0.542512+0.301976i
-1.384244+0.394322i
0.305732-0.085750i
-0.636726-0.623826i
-1.527227-1.304488i
0.120247+0.063521i
-1.291566-0.841298i
-0.820140+0.575041i
-1.412769-1.007567i
-0.014065-0.260549i
-2.358315-0.729257i
-0.420221+0.767825i
-0.119288+0.481576i
1.113804-1.338478i
-2.504951+0.003457i
0.520470+0.937725i
-0.408837-0.242666i
-1.230299+0.017197i
-2.081045-1.076166i
-2.191610-0.501731i
0.936652+1.076650i
-0.632863-1.855952i
-1.723510-0.228667i
-1.142308-1.880903i
0.606269-0.876964i
-0.333912-1.449514i
-2.065230+1.875284i
-0.713491+0.220917i
-1.769210-0.957963i
1.326484-0.310600i
-1.043607-0.034730i
-1.368487+0.830234i
-1.165359+1.436338i
-0.351755+1.234005i
-2.241547-1.051983i
-0.360151+1.109773i
-1.949665-0.683503i
-1.570970+0.453899i
-0.418824+0.503122i
-1.355029+0.427374i
-2.414232+1.003805i
-1.661566-0.683375i
-0.968067+0.506852i
0.347668+0.470599i
-0.347415+0.326697i
-1.441860-0.015454i
-1.092066+0.557429i
-0.087750+0.676363i
1.027577+0.066652i
-1.745270-0.054114i
-2.144719-0.331773i
-0.995902-0.487850i
-0.202479+0.503507i
-1.509837-0.392760i
-0.080951+0.520881i
-0.505655+0.907300i
-1.699088-2.264254i
1.331037+1.399377i
-0.354991+1.232696i
0.247918+0.128296i
-0.797787+1.332128i
-1.001771-0.546303i
0.305583+0.208644i
-0.317788+0.712303i
-2.239669-0.257979i
-0.995494+1.137769i
-3.457585-1.213725i
0.606192+0.147931i
1.212652-0.677608i
0.186487-1.485824i
-2.202436+0.290286i
-0.015372+1.949328i
-0.171059-0.429053i
-0.079530-0.557304i
-1.050139+0.043490i
-1.360079-0.028490i
-1.634208-0.238485i
1.024750-1.089017i
-3.562507-0.195188i
-1.277985-2.031496i
0.261339+0.695952i
-1.051236+1.151268i
-0.653152+0.051994i
-2.617111-0.127711i
-1.172971+1.833963i
0.515321+0.310991i
-3.432993-1.042179i
0.079677-1.090174i
-2.033335-0.507512i
-0.997397+0.990192i
-1.301939-0.441778i
-1.087768-0.271836i
0.211119-0.906038i
-0.921523-1.394471i
-0.373785+1.816415i
-2.001377-0.107297i
1.353540-0.059448i
-1.214201-0.199726i
-1.913466-0.409558i
-2.542317-0.329062i
-0.706099-0.869202i
-3.038638+0.664784i
-3.569776+0.707170i
-1.509536+0.418888i
-0.213370+1.353310i
-1.505362-0.624900i
-2.121015-1.856869i
-0.215285-0.160929i
-2.314462-0.203787i
-0.860504+0.718305i
-0.814298+0.023636i
-2.390032-0.926174i
-2.184066-0.100054i
-2.138071+0.976393i
-0.923923+0.079124i
-1.052862+0.664665i
0.884706-1.490048i
-1.961312-0.082400i
0.599099-1.274022i
-1.552502+1.443609i
-0.563049+1.303662i
-2.036314+0.419216i
-2.055398+0.349722i
-1.768963+0.336360i
-2.935012+1.484076i
-0.864109+0.912266i
2.036365-0.191774i
-1.440946-0.585092i
0.035624-0.843705i
-1.516463-2.009847i
-1.520431+0.184029i
-1.678803+0.815173i
-2.662954+0.878797i
-1.531915-1.610353i
-1.663635-0.657452i
-1.789619-0.630356i
-1.638764-0.190421i
-0.134975+2.351493i
-0.513806+1.931652i
-0.218695+0.905043i
-1.809170+0.406994i
-1.341697-1.270158i
-1.254821+1.269692i
-1.425065+1.374007i
-1.407312-0.585278i
1.475398-0.245660i
1.576164-1.461379i
-0.867695-0.215329i
-0.961378-2.084027i
-1.444548-0.871371i
-0.553187+0.160166i
-0.093861-0.131093i
0.164323+1.647559i
-1.751484+0.667011i
-0.299443-1.384778i
0.964272-0.147904i
-0.147836-0.313726i
-1.641946+0.869154i
-1.273963+0.113488i
-2.361563-0.449779i
-1.549024+0.723146i
-0.248864+1.556880i
-1.455744+1.071085i
-1.864241-0.708279i
-4.218145+1.803397i
-0.855319+0.505455i
-0.262637-0.782518i
-0.240616-0.255128i
-1.300447-1.545068i
1.777262-0.842492i
-1.472696+0.143040i
-2.561617+0.267429i
0.107724+1.637011i
-0.474469+0.230690i
-1.725939+0.020170i
0.067349-1.288342i
-0.846380-0.420289i
1.487419+1.922465i
2.325991+0.423822i
-1.045413+0.769684i
-1.971302+1.892325i
-1.672802+1.717766i
-0.460370-0.060904i
-1.469083-0.272902i
0.972527-0.936945i
-1.333133+0.318331i
0.523276+0.618922i
-1.252439-0.197265i
-1.152548-0.976048i
-0.170390+1.906202i
-0.139748+0.612355i
0.335916+0.477139i
-0.583252-1.341051i
-2.867801+1.895933i
-1.328962+1.507645i
-0.390559+0.472947i
-0.359940-1.204199i
-0.139779-0.905843i
-1.369182-1.670712i
-2.866868-1.090480i
-0.112696-0.950937i
0.415944-0.839040i
0.126122-0.129202i
2.163175+1.398222i
-2.380069+1.584037i
-1.572928+1.426160i
-0.989229+0.496821i
-1.448298-0.954554i
-0.627330-0.770213i
0.206527+0.451215i
-0.927512+0.835196i
-0.814643-0.119363i
0.440671-0.508423i
-0.058852-0.228512i
-1.920854-0.495122i
-0.651702-1.212277i
2.067886+0.046553i
-0.792043-1.649429i
-2.069174-1.028095i
-1.573953+1.071723i
0.417587-0.703386i
0.260389+0.598469i
-1.949660+0.847476i
-1.362532-0.900819i
-1.850157-1.766202i
-0.876132-0.561677i
-2.115944+0.081706i
-2.023138+0.706891i
-1.590507+0.143525i
-0.515123+0.400939i
-1.737220-0.114642i
DONE


ask_starting_lattice(0): EOF on input.
exit: Tue Apr 16 13:24:15 2024

