SU3 staggered valence fermions
MIMD version a82e-dirty
Machine = Scalar processor, with 1 nodes
Host(0) = LEON-DELLGE-UBU
Username = leon
start: Fri Jul  5 17:43:13 2024

Options selected...
Generic double precision
C_GLOBAL_INLINE
DBLSTORE_FN
D_FN_GATHER13
FEWSUMS
KS_MULTICG=HYBRID
HISQ_REUNIT_ALLOW_SVD
HISQ_REUNIT_SVD_REL_ERROR = 1e-08
HISQ_REUNIT_SVD_ABS_ERROR = 1e-08
type 0 for no prompts, 1 for prompts, or 2 for proofreading
nx 4
ny 4
nz 4
nt 4
iseed 1234
job_id test
LAYOUT = Hypercubes, options = with fixed input-parameter node_geometry
ON EACH NODE (RANK) 4 x 4 x 4 x 4
Mallocing 0.2 MBytes per node for lattice


reload_serial ../milc_4444.lat
u0 1
no_gauge_fix
forget 
staple_weight 0
ape_iter 0
coordinate_origin 0 0 0 0 
time_bc periodic
max_number_of_eigenpairs 0
number_of_pbp_masses 0
number_of_base_sources 0
number_of_modified_sources 0
number_of_sets 0
number_of_quarks 0
number_of_mesons 0
number_of_baryons 0
reading as archive format with byte reversal
reading Archive header:
DATATYPE = 4D_SU3_GAUGE
DIMENSION_1 = 4
DIMENSION_2 = 4
DIMENSION_3 = 4
DIMENSION_4 = 4
CHECKSUM = 663c5435
FLOATING_POINT = IEEE32BIG
LINK_TRACE = 0.1435427252
PLAQUETTE = 0.6187932211
ENSEMBLE_ID = 
SEQUENCE_NUMBER = 0
MILC_INFO = -------BEGIN-------
time_stamp = "Wed Oct  4 15:36:12 2023"
checksums = "0 0"
nx = 4
ny = 4
nz = 4
nt = 4
magic_number = 20103
time_stamp = "Wed Oct  4 15:36:12 2023"
checksums = "0 0"
nx = 4
ny = 4
nz = 4
nt = 4
action.description = "Gauge plus fermion"
gauge.description = "Symanzik 1x1 + 1x2 + 1x1x1 action with HISQ quark loops"
gauge.nloops = 3
gauge.nreps = 1
gauge.beta11 = 5.800000
gauge.tadpole.u0 = 0.855350
gauge.ssplaq = 1.853494
gauge.stplaq = 1.859265
gauge.nersc_linktr = 1.435427e-01
gauge.nersc_checksum = 1715229749
quark.description = "HISQ action version 1"
quark.dyn_flavors = [3] 2 1 1
quark.dyn_mass = [3] 0.013000 0.065000 0.838000
MILC_INFO = --------END--------
END_HEADER
Restored archive gauge configuration serially from file ../milc_4444.lat
Archive style checksum = 663c5435 OK
Time to reload gauge configuration = 2.460480e-04
CHECK PLAQ: 1.8534944606116894e+00 1.8592648733410029e+00
CHECK NERSC LINKTR: 1.4354272509505014e-01 CKSUM: 663c5435
Reunitarized for double precision. Max deviation 9.47e-08 changed to 4.44e-16
Time to check unitarity = 1.289845e-04
"Fat 7 (level 1)"
path coefficients: npath  path_coeff
                    0      1.250000e-01
                    1      -6.250000e-02
                    2      1.562500e-02
                    3      -2.604167e-03
Unitarization method = UNITARIZE_ANALYTIC
Unitarization group = U(3)
"Fat7 + 2xLepage"
path coefficients: npath  path_coeff
                    0      1.000000e+00
                    1      -4.166667e-02
                    2      -6.250000e-02
                    3      1.562500e-02
                    4      -2.604167e-03
                    5      -1.250000e-01
"1-link + Naik"
path coefficients: npath  path_coeff
                    0      1.250000e-01
                    1      -4.166667e-02
MAKING PATH TABLES
Combined fattening and long-link calculation time: 0.003560
Time to APE smear 9.512901e-05 sec

Random fermion vector:
0.840188+0.394383i
0.783099+0.798440i
0.911647+0.197551i
0.335223+0.768230i
0.277775+0.553970i
0.477397+0.628871i
0.364784+0.513401i
0.952230+0.916195i
0.635712+0.717297i
0.141603+0.606969i
0.016301+0.242887i
0.137232+0.804177i
0.156679+0.400944i
0.129790+0.108809i
0.998924+0.218257i
0.512932+0.839112i
0.612640+0.296032i
0.637552+0.524287i
0.493583+0.972775i
0.292517+0.771358i
0.526745+0.769914i
0.400229+0.891529i
0.283315+0.352458i
0.807725+0.919026i
0.069755+0.949327i
0.525995+0.086056i
0.192214+0.663227i
0.890233+0.348893i
0.064171+0.020023i
0.457702+0.063096i
0.238280+0.970634i
0.902208+0.850920i
0.266666+0.539760i
0.375207+0.760249i
0.512535+0.667724i
0.531606+0.039280i
0.437638+0.931835i
0.930810+0.720952i
0.284293+0.738534i
0.639979+0.354049i
0.687861+0.165974i
0.440105+0.880075i
0.829201+0.330337i
0.228968+0.893372i
0.350360+0.686670i
0.956468+0.588640i
0.657304+0.858676i
0.439560+0.923970i
0.398437+0.814767i
0.684219+0.910972i
0.482491+0.215825i
0.950252+0.920128i
0.147660+0.881062i
0.641081+0.431953i
0.619596+0.281059i
0.786002+0.307458i
0.447034+0.226107i
0.187533+0.276235i
0.556444+0.416501i
0.169607+0.906804i
0.103171+0.126075i
0.495444+0.760475i
0.984752+0.935004i
0.684445+0.383188i
0.749771+0.368664i
0.294160+0.232262i
0.584489+0.244413i
0.152390+0.732149i
0.125475+0.793470i
0.164102+0.745071i
0.074530+0.950104i
0.052529+0.521563i
0.176211+0.240062i
0.797798+0.732654i
0.656564+0.967405i
0.639458+0.759735i
0.093480+0.134902i
0.520210+0.078232i
0.069906+0.204655i
0.461420+0.819677i
0.573319+0.755581i
0.051939+0.157807i
0.999994+0.204329i
0.889956+0.125468i
0.997799+0.054058i
0.870540+0.072329i
0.004162+0.923069i
0.593892+0.180372i
0.163132+0.391690i
0.913027+0.819695i
0.359095+0.552485i
0.579430+0.452576i
0.687387+0.099640i
0.530808+0.757294i
0.304295+0.992228i
0.576971+0.877614i
0.747809+0.628910i
0.035421+0.747803i
0.833239+0.925377i
0.873271+0.831038i
0.979434+0.743811i
0.903366+0.983596i
0.666880+0.497259i
0.163968+0.830012i
0.888949+0.076995i
0.649707+0.248044i
0.629480+0.229137i
0.700620+0.316867i
0.328777+0.231428i
0.074161+0.633072i
0.223656+0.651132i
0.510686+0.971466i
0.280042+0.546107i
0.719269+0.113281i
0.471483+0.592540i
0.944318+0.450918i
0.336351+0.847684i
0.434513+0.003231i
0.344943+0.598481i
0.833243+0.233892i
0.675476+0.482950i
0.481936+0.304956i
0.712087+0.182556i
0.621823+0.040864i
0.413984+0.695984i
0.673936+0.637640i
0.347116+0.184622i
0.609106+0.627158i
0.730729+0.328374i
0.740438+0.202213i
0.920914+0.684757i
0.653130+0.257265i
0.532441+0.087644i
0.260497+0.877384i
0.686125+0.093740i
0.111276+0.361601i
0.576690+0.593211i
0.666557+0.288778i
0.775767+0.288379i
0.329642+0.189751i
0.984363+0.003579i
0.827391+0.331479i
0.188201+0.436497i
0.958637+0.918930i
0.764871+0.699075i
0.121143+0.685786i
0.383832+0.774274i
0.943051+0.916273i
0.861917+0.203548i
0.793657+0.548042i
0.297288+0.904932i
0.909643+0.873979i
0.498144+0.576200i
0.162757+0.273911i
0.864579+0.492399i
0.463662+0.848942i
0.495977+0.291053i
0.180421+0.684178i
0.727550+0.139058i
0.603109+0.492422i
0.838134+0.724252i
0.178208+0.221966i
0.498525+0.121259i
0.138238+0.360443i
0.324807+0.931895i
0.908485+0.622095i
0.836828+0.818128i
0.496074+0.334972i
0.394327+0.658831i
0.608883+0.258906i
0.151230+0.072545i
0.107848+0.647207i
0.363598+0.288270i
0.331386+0.091149i
0.427328+0.934495i
0.583570+0.265461i
0.658747+0.761778i
0.487427+0.157272i
0.883037+0.625665i
0.517715+0.207844i
0.557561+0.426199i
0.829939+0.394388i
0.244327+0.326013i
0.729360+0.638654i
0.984845+0.338243i
0.897560+0.136075i
0.410788+0.005409i
0.783282+0.774386i
0.293678+0.114668i
0.865535+0.721006i
0.049162+0.449105i
0.986467+0.707909i
0.210883+0.473894i
0.865181+0.093920i
0.099559+0.382896i
0.301763+0.657120i
0.809095+0.131702i
0.051508+0.053422i
0.457716+0.780868i
0.692076+0.442560i
0.119111+0.589637i
0.578635+0.529899i
0.595045+0.361917i
0.304285+0.888723i
0.476585+0.169820i
0.609729+0.525747i
0.618925+0.596196i
0.233656+0.829808i
0.070090+0.098837i
0.923728+0.169649i
0.481733+0.225491i
0.826769+0.290829i
0.357193+0.878278i
0.344251+0.814909i
0.659146+0.036327i
0.257469+0.778257i
0.625964+0.836104i
0.308157+0.221009i
0.198021+0.612442i
0.109733+0.674605i
0.782262+0.719462i
0.200352+0.401188i
0.315658+0.434009i
0.230996+0.385748i
0.532846+0.154724i
0.555398+0.014579i
0.380215+0.382167i
0.305408+0.737408i
0.260445+0.649659i
0.552316+0.919591i
0.685986+0.809785i
0.697848+0.311950i
0.645889+0.006005i
0.532960+0.843910i
0.618447+0.642693i
0.518515+0.400709i
0.362154+0.718867i
0.801897+0.677812i
0.152876+0.032893i
0.063561+0.685722i
0.187616+0.618958i
0.700301+0.567831i
0.001125+0.005709i
0.305239+0.261570i
0.655368+0.857555i
0.181161+0.341354i
0.667341+0.879009i
0.653305+0.313230i
0.885014+0.186265i
0.157139+0.503461i
0.828957+0.675654i
0.904170+0.191112i
0.394521+0.706067i
0.868924+0.547397i
0.738959+0.932485i
0.233119+0.926576i
0.551443+0.933420i
0.494407+0.552568i
0.939129+0.799646i
0.814139+0.594497i
0.657201+0.995300i
0.935852+0.324541i
0.874309+0.589157i
0.637771+0.759324i
0.775421+0.794910i
0.262785+0.604379i
0.470564+0.166955i
0.795490+0.865085i
0.873021+0.664414i
0.412483+0.611981i
0.596899+0.645602i
0.538557+0.148342i
0.579022+0.032963i
0.700910+0.518151i
0.832609+0.515049i
0.112648+0.489810i
0.510349+0.048500i
0.814351+0.384658i
0.637656+0.452122i
0.143982+0.413078i
0.247033+0.406767i
0.017457+0.717597i
0.573721+0.812947i
0.582682+0.446743i
0.477361+0.995165i
0.058723+0.074260i
0.640766+0.597280i
0.222602+0.219788i
0.630243+0.923513i
0.737939+0.462852i
0.438562+0.850586i
0.952662+0.948911i
0.899086+0.767014i
0.333569+0.536743i
0.219136+0.477551i
0.949820+0.466169i
0.884318+0.967277i
0.183765+0.458039i
0.780224+0.766448i
0.904782+0.257585i
0.761612+0.963505i
0.331846+0.402379i
0.560785+0.554448i
0.622167+0.191028i
0.477961+0.360105i
0.653880+0.916523i
0.210692+0.606542i
0.865434+0.109778i
0.373556+0.199003i
0.646520+0.592692i
0.676554+0.596341i
0.058860+0.560872i
0.563617+0.242626i
0.018911+0.343841i
0.009073+0.923692i
0.601427+0.770686i
0.887197+0.933273i
0.173065+0.447982i
0.487721+0.795231i
0.639009+0.965682i
0.155336+0.292889i
0.882204+0.366028i
0.899431+0.747638i
0.475806+0.272987i
0.946640+0.122326i
0.865679+0.623194i
0.718666+0.924540i
0.184066+0.282284i
0.167165+0.202977i
0.626125+0.176239i
0.126669+0.227552i
0.946925+0.013866i
0.160824+0.119989i
0.461848+0.648545i
0.915221+0.100857i
0.614227+0.070557i
0.393746+0.496431i
0.436585+0.293177i
0.244069+0.912391i
0.566164+0.190709i
0.034716+0.431844i
0.813904+0.753383i
0.356383+0.997970i
0.035666+0.523548i
0.200947+0.661792i
0.699787+0.327616i
0.889343+0.646712i
0.341482+0.050168i
0.766701+0.803330i
0.698713+0.681922i
0.904187+0.312940i
0.752479+0.297933i
0.809371+0.189064i
0.591111+0.053439i
0.101454+0.157275i
0.244149+0.136171i
0.589119+0.058052i
0.889553+0.945502i
0.056022+0.925220i
0.469050+0.256969i
0.587011+0.168837i
0.584585+0.476355i
0.815549+0.926068i
0.526523+0.582250i
0.729398+0.225236i
0.264172+0.633585i
0.538175+0.016651i
0.931518+0.347546i
0.205714+0.522629i
0.400985+0.307168i
0.679904+0.645134i
0.443339+0.269022i
0.703186+0.332892i
0.214524+0.759208i
0.258112+0.683574i
0.016177+0.845123i
0.852411+0.600763i
0.321478+0.667960i
0.526830+0.848000i
0.250210+0.256228i
0.073236+0.514382i
0.889813+0.611411i
0.531033+0.821331i
0.958957+0.736747i
0.343959+0.359942i
0.043915+0.023863i
0.005076+0.487254i
0.292886+0.708262i
0.820146+0.507410i
0.467471+0.078258i
0.190984+0.483648i
0.923381+0.043395i
0.084411+0.244858i
0.711355+0.611241i
0.092858+0.961565i
0.867469+0.166094i
0.475947+0.757282i
0.777505+0.006980i
0.578613+0.736462i
0.743727+0.922572i
0.096404+0.787642i
0.946435+0.101480i
0.274897+0.239321i
0.809743+0.095043i
0.746730+0.277214i
0.173301+0.937714i
0.760862+0.096681i
0.981109+0.845273i
0.341540+0.692463i
0.456514+0.434398i
0.654029+0.323983i
0.600492+0.129976i
0.081265+0.377997i
0.136956+0.659878i
0.114459+0.880683i
0.582450+0.210863i
0.668326+0.528885i
0.312343+0.943222i
0.768206+0.122086i
0.038265+0.514936i
0.399300+0.211565i
0.452650+0.160162i
0.308247+0.433758i
0.005435+0.649787i
0.126222+0.461949i
0.084185+0.780250i
0.785932+0.684677i
0.910227+0.867197i
0.062674+0.047183i
0.527075+0.177133i
0.927866+0.109525i
0.387996+0.596191i
0.638409+0.700340i
0.539413+0.406615i
0.822426+0.577678i
0.921551+0.221726i
0.789244+0.374201i
0.381888+0.097491i
0.807959+0.387323i
0.747277+0.934181i
0.849272+0.831462i
0.714432+0.635204i
0.516139+0.624658i
0.502401+0.578813i
0.671841+0.029476i
0.755946+0.599707i
0.139001+0.143942i
0.195898+0.777410i
0.844281+0.735311i
0.184025+0.666707i
0.312990+0.105576i
0.888433+0.102233i
0.479777+0.270321i
0.199724+0.287736i
0.657643+0.947001i
0.221918+0.506915i
0.778463+0.936349i
0.142119+0.294601i
0.561007+0.644520i
0.873414+0.232848i
0.673996+0.629359i
0.832555+0.812997i
0.773301+0.028453i
0.590407+0.617582i
0.763764+0.774432i
0.284289+0.076753i
0.880009+0.172722i
0.178987+0.359786i
0.443043+0.378710i
0.647522+0.100686i
0.325711+0.869440i
0.607600+0.104174i
0.805789+0.749719i
0.398775+0.366796i
0.394239+0.272189i
0.599644+0.068235i
0.901549+0.432199i
0.881232+0.674850i
0.460652+0.471639i
0.292432+0.224415i
0.246071+0.576721i
0.301169+0.126080i
0.749443+0.480155i
0.485866+0.192486i
0.858866+0.133388i
0.293171+0.184577i
0.002828+0.900772i
0.288752+0.808617i
0.650491+0.687527i
0.175413+0.044729i
0.959716+0.775058i
0.112964+0.861265i
0.207257+0.994196i
0.536115+0.667908i
0.465835+0.828546i
0.892324+0.711906i
0.405267+0.193493i
0.837986+0.154711i
0.673648+0.323852i
0.347196+0.532514i
0.457240+0.640368i
0.717092+0.460067i
0.541140+0.005843i
0.268684+0.191630i
0.693370+0.444097i
0.236360+0.653087i
0.219155+0.349324i
0.514352+0.426412i
0.343520+0.050466i
0.094320+0.809355i
0.879013+0.986644i
0.521261+0.284280i
0.180136+0.359247i
0.438990+0.853785i
0.683098+0.786187i
0.386299+0.140338i
0.426555+0.103390i
0.600405+0.967694i
0.109233+0.869090i
0.159324+0.802604i
0.313187+0.395684i
0.455690+0.532342i
0.745008+0.970042i
0.958753+0.088528i
0.020508+0.053073i
0.897883+0.899521i
0.039717+0.419144i
0.183801+0.219853i
0.778391+0.622791i
0.073638+0.461489i
0.408978+0.459936i
0.601827+0.835533i
0.563327+0.202232i
0.803227+0.672560i
0.071322+0.962551i
0.475164+0.384509i
0.358235+0.930854i
0.916851+0.103244i
0.900896+0.875604i
0.191772+0.921405i
0.928678+0.089655i
0.820926+0.968395i
0.508799+0.004727i
0.188248+0.287189i
0.627518+0.261886i
0.748678+0.036496i
0.721822+0.350505i
0.872028+0.285149i
0.552738+0.675255i
0.957709+0.624060i
0.637806+0.432873i
0.008569+0.996042i
0.363727+0.925420i
0.099285+0.264624i
0.801024+0.291057i
0.186029+0.729702i
0.380712+0.006954i
0.698096+0.889511i
0.011681+0.886344i
0.176700+0.639199i
0.148230+0.925379i
0.675694+0.870053i
0.275884+0.547723i
0.155202+0.828622i
0.222978+0.112911i
0.452681+0.860784i
0.545784+0.461250i
0.856826+0.909512i
0.386669+0.956111i
0.174136+0.187693i
0.247168+0.360164i
0.917395+0.627880i
0.367118+0.615491i
0.517391+0.378799i
0.501835+0.694091i
0.017998+0.650066i
0.619470+0.693692i
0.520118+0.895354i
0.241415+0.675320i
0.723975+0.464393i
0.788231+0.176656i
0.325177+0.334016i
0.637906+0.182003i
0.243528+0.024575i
0.138114+0.417663i
0.212269+0.385282i
0.777828+0.129663i
0.013161+0.144946i
0.745154+0.530552i
0.523745+0.246990i
0.224643+0.541743i
0.897055+0.844113i
0.235435+0.417174i
0.739467+0.476850i
0.092494+0.463442i
0.941243+0.880725i
0.640098+0.266420i
0.214741+0.278005i
0.448423+0.458269i
0.302580+0.586537i
0.875932+0.514849i
0.971818+0.653760i
0.644512+0.984980i
0.798706+0.389667i
0.515532+0.322451i
0.636656+0.740175i
0.864194+0.533712i
0.584288+0.099629i
0.950885+0.323755i
0.576479+0.043379i
0.787197+0.517722i
0.924104+0.427295i
0.784142+0.138845i
0.705300+0.232565i
0.597113+0.007880i
0.819102+0.473045i
0.522729+0.790920i
0.126805+0.167241i
0.775899+0.925511i
0.556908+0.291431i
0.247962+0.193564i
0.031606+0.112157i
0.727276+0.615894i
0.211786+0.678161i
0.939649+0.788265i
0.721540+0.726846i
0.305987+0.645644i
0.154141+0.090130i
0.784489+0.859441i
0.322695+0.381603i
0.867321+0.141796i
0.854648+0.390050i
0.932716+0.981453i
0.557291+0.708616i
0.906964+0.114199i
0.000047+0.154927i
0.307763+0.031653i
0.267083+0.035039i
0.647548+0.478869i
0.713200+0.587197i
0.267134+0.434740i
0.314043+0.573122i
0.080384+0.468185i
0.663252+0.864873i
0.327626+0.985946i
0.246476+0.194948i
0.127743+0.101124i
0.584998+0.060459i
0.082577+0.142289i
0.769074+0.989541i
0.256489+0.769121i
0.144468+0.564252i
0.800775+0.411551i
0.599291+0.448322i
0.890420+0.312491i
0.035519+0.157555i
0.747231+0.349562i
0.730677+0.827615i
0.817747+0.393928i
0.692488+0.145373i
0.379874+0.938963i
0.340321+0.507617i
0.040087+0.925318i
0.568076+0.122664i
0.067608+0.337150i
0.112205+0.324096i
0.106272+0.256673i
0.888348+0.907046i
0.668225+0.487639i
0.355369+0.558645i
0.800129+0.390888i
0.716199+0.547360i
0.740451+0.446876i
0.374975+0.558198i
0.840804+0.067462i
0.703571+0.220679i
0.006426+0.043891i
0.728296+0.046513i
0.969210+0.296372i
0.169177+0.036818i
0.633522+0.281382i
0.360914+0.739794i
0.538055+0.249262i
0.646840+0.206280i
0.736901+0.002209i
0.764925+0.537030i
0.393097+0.481124i
0.084390+0.133548i
0.928000+0.459365i
0.691745+0.768804i
0.526827+0.395316i
0.989483+0.533253i
0.439207+0.717779i
0.579765+0.408417i
0.014150+0.748942i
0.445235+0.647672i
0.030324+0.806149i
0.387466+0.568379i
0.055411+0.034307i
0.774659+0.792311i
0.036516+0.539584i
0.329342+0.429613i
0.020708+0.413732i
0.563161+0.948708i
0.873097+0.254906i
0.717512+0.399924i
0.650222+0.706995i
0.933176+0.089430i
0.424774+0.512941i
0.497847+0.438924i
0.261883+0.943081i
0.086596+0.292207i
0.749230+0.474063i
0.860587+0.804641i
0.508369+0.635246i
0.596952+0.544885i
0.174830+0.926294i
0.974499+0.195538i
0.340026+0.537660i
0.144246+0.213122i
0.792566+0.861759i
0.613046+0.442789i
0.568754+0.546222i
0.532218+0.993528i
0.059163+0.030065i
0.432452+0.321047i
0.973147+0.519048i
0.613254+0.722377i
0.993110+0.473841i
0.527017+0.501480i
0.109087+0.123969i
0.046365+0.283917i
0.050263+0.020864i
0.479455+0.390289i
0.558524+0.623701i
0.603411+0.351090i
0.485460+0.216457i
0.793878+0.054214i
0.762679+0.326097i
0.047742+0.821842i
0.356162+0.480193i
0.142889+0.329309i
0.999241+0.756143i
0.051685+0.992352i
0.229984+0.578702i
0.493831+0.339071i
0.702672+0.540197i
0.622988+0.752935i
0.561060+0.102443i
0.143224+0.119584i
0.726144+0.746635i
0.470674+0.211604i
0.963092+0.264553i
0.265818+0.725771i
0.590649+0.313560i
0.547613+0.946811i
0.793753+0.690502i
0.276120+0.792995i
0.446645+0.327805i
0.785346+0.676628i
0.906507+0.279178i
0.015699+0.609179i
0.819374+0.638687i
0.362115+0.380434i
0.741130+0.505339i
0.500019+0.467274i
0.251974+0.970693i
0.678878+0.215066i

Solution vector:
0.019248-0.804458i
0.133077-1.018816i
-1.198446-0.203876i
0.331666-0.480984i
-0.193087+0.023153i
-0.619831-1.260180i
-1.180149-1.273873i
-0.605494-0.238776i
-1.460446-0.360210i
0.560530-0.384739i
1.613492-1.621307i
-0.561769+0.022529i
0.864028-0.446218i
-0.056932+1.789265i
-0.929190-0.121825i
-0.554387+0.564431i
0.742359+0.409709i
-1.058510-0.824146i
-1.563995-1.503599i
-1.219786-0.273938i
-0.114484-1.461516i
0.431938-1.300304i
-0.314563-0.761080i
0.487683-2.686173i
-0.273149-1.569211i
-1.363810+0.095598i
0.623260-2.319151i
-1.571081+0.627814i
0.811708+0.976028i
-0.926389-0.023299i
-0.536747+0.191056i
-1.726559-0.140513i
1.094747+0.002745i
-0.719164-2.076641i
1.227671-0.202012i
-2.081253+0.474599i
-0.665048+0.464172i
-0.458529-0.053783i
0.706100+0.304777i
0.817651-0.982331i
-0.857073-0.698498i
0.059063-0.501274i
0.361993+0.167866i
-0.489116-0.056614i
-0.168744-1.964529i
-0.000171+1.010782i
-0.810033-0.518261i
-1.463801-1.513972i
-1.793389+0.219410i
-0.231897-1.732453i
-1.301992+0.688544i
0.568248-0.758779i
-0.274876-2.081291i
-1.580421-1.194551i
0.585285-0.502387i
0.520205-0.009241i
-0.513702-0.489472i
-1.648706+0.376676i
0.097784-0.025023i
-2.080999-1.865182i
-0.701225-0.272724i
0.773038-1.840459i
-0.742376+0.699308i
0.174630-0.817722i
0.801040-0.229720i
-2.049194+0.259058i
-0.483228-1.967726i
0.586334-1.595556i
0.327168-1.733143i
0.320536-1.771460i
-0.587265-1.830307i
0.937000+1.131348i
0.324649+0.834000i
0.082042-0.566291i
-1.748627-0.492319i
-1.122425-0.380207i
0.431202-0.958048i
-2.248830+0.355731i
0.108673+1.401125i
0.719613-1.351956i
0.111849-0.534936i
-0.384940+0.072841i
-0.899615-1.179320i
-1.519129-0.425107i
-0.039640+0.837155i
-1.242925+0.082754i
-1.069831-0.555725i
-1.261548-0.415904i
-1.119961-0.939177i
-0.230403-0.156852i
0.284993+0.047965i
0.070527-0.111630i
-1.795034+0.627005i
-0.138069-1.226925i
-0.641706-1.183998i
-0.546745-0.441223i
-1.624206+0.573403i
-0.940529+0.146398i
-0.097512-0.996903i
-0.876167+0.563478i
-0.513781-1.036853i
-3.197213-1.157877i
-0.300159-0.454963i
0.255487+0.300322i
-0.968305+1.373844i
-1.667244-1.843805i
-1.777222-0.681438i
-1.704926-2.270307i
-0.169627+0.586263i
-0.241753-1.812949i
-0.498263-0.668508i
-0.331007-3.111532i
-0.383181-1.292681i
-0.083097-1.258867i
-1.617574+0.481115i
-1.175461+0.994386i
-0.400265-1.502689i
0.926578-0.257379i
-2.015801-0.322627i
-0.552726-0.317595i
-1.651171-1.781751i
-2.170390-0.610551i
-0.735317+0.399141i
-0.578410+0.018020i
0.776277-0.883942i
-1.079582-0.589028i
-0.670686-2.153861i
0.493383-1.776920i
0.399222-1.626091i
-0.393965+0.067946i
-0.152712+1.027952i
-1.056955-0.608478i
-0.798334+1.319078i
-0.301986-1.646193i
-1.112319-0.154773i
1.140418-2.298015i
0.928963-0.543528i
0.224831-1.304112i
0.037145-0.115180i
-0.621017+0.415297i
0.281233-1.192926i
-1.825704+0.086220i
-0.152399+0.167953i
0.005254-0.944407i
-0.922182-0.793999i
0.167180-0.918134i
-1.133225-1.629965i
-3.100339-0.693259i
-1.427109-0.555779i
-1.216707-0.989672i
0.079527-0.016446i
-1.883742+0.605225i
-0.139431-1.127471i
0.454593+0.325806i
-1.405164+0.155895i
0.312947-1.063439i
-1.210087-0.869311i
0.504660-1.099646i
-0.754081-1.144841i
-0.138275+0.564165i
-1.081294-1.110732i
0.107818+1.020711i
0.981698+0.547014i
-0.854230+1.192673i
0.681644-0.026628i
-1.233183-0.563264i
-0.276949-0.911229i
1.752197-0.337840i
-1.202776+0.132760i
-1.041800-0.757584i
-0.202390-0.688733i
-1.027354-0.620283i
-0.397795-0.818134i
-1.502990+0.129878i
0.214681-1.248447i
-1.581610+0.865385i
0.588435+0.288544i
0.291409-0.842134i
-0.879810+0.106654i
-0.713495+0.914924i
-0.608528+0.274469i
0.179084+1.770292i
1.063691-1.696147i
-0.237150-0.642720i
-1.973001+0.655722i
-1.316974+0.811702i
0.250980-1.205394i
0.195300+1.085001i
0.301339-1.057453i
-0.366638-1.882097i
-0.301950+0.786665i
-1.507301+0.522197i
0.150031-0.995638i
-1.802199-0.564229i
0.026738+0.904683i
1.130888-0.518750i
0.667712-1.647836i
0.410642+0.113483i
-1.130010-1.216126i
-0.522430-0.496002i
-0.590588-0.342607i
-0.124243-0.537267i
-0.707260-0.007768i
0.525966-1.996153i
-0.955356-0.886209i
0.331395-1.770086i
-0.290220-0.701832i
0.611281+0.432663i
-1.308974+0.531477i
-0.789266-0.263887i
-0.656615-0.322716i
-1.832400+0.848829i
-0.752750-0.935180i
-0.082581-0.334395i
-0.359595-0.523769i
0.726346-0.741054i
0.669920-1.443990i
-1.836476-0.427366i
0.196639-2.554334i
0.149921-1.156350i
-0.303795-1.375470i
-0.932281+0.337713i
-0.394529+0.720269i
-1.449159+0.001486i
-2.139759-1.385329i
0.060832+0.169080i
-1.614066+0.704049i
-0.701884-0.556453i
0.189428+0.074290i
-1.215131-1.248746i
-2.033468-1.434798i
-1.021773-0.329320i
-0.710819-1.207732i
0.431822-0.052603i
-0.390327-0.248179i
-0.669515+0.067663i
-0.190740-0.349995i
-1.341987-0.282319i
0.401902+0.860501i
0.516308-0.054688i
-0.479741+0.580916i
1.471299-0.989216i
0.234808+0.602467i
-0.403492+0.716630i
-0.628220-0.806916i
-0.826308-0.717068i
-1.115440+0.004103i
0.485031-0.625966i
-1.432318-2.175219i
0.134951-1.043511i
0.797775-1.664267i
-1.569255+0.401900i
-1.433340-0.179049i
-1.258945-1.248766i
-0.632678-0.497134i
-0.931075-0.339432i
-1.618278-2.065531i
-0.766950-0.036081i
-0.295978+0.354949i
-0.723423-0.376094i
0.428316-1.006105i
-0.474751-0.054471i
-0.626994-1.064643i
-0.018051-0.970831i
-0.934608-1.093678i
0.680064+0.379194i
-1.733880+1.429308i
-0.495022-0.791979i
-0.195977+0.107278i
-0.568007-1.890877i
-1.039944+0.132236i
-0.388273-1.618312i
-1.588170+1.558671i
-1.759835+0.413912i
-0.704696+0.350571i
-0.925464+0.447714i
-0.964295-0.589790i
-0.256803-1.015296i
-1.666278-2.176067i
0.792310-2.220443i
0.157592-0.937023i
-0.299818-0.080486i
0.671445-2.231390i
0.225290+0.155651i
-2.097755-0.807179i
-0.382477-0.633497i
-1.072598+0.266154i
-0.950079-0.831771i
-1.908298-2.797090i
-1.894925-0.483914i
-0.474379-0.908611i
-0.568202-0.339667i
-1.568612-0.940562i
-2.373345-0.193000i
-1.042918-1.732451i
-0.696474+0.967759i
-1.187958-1.673328i
0.283416+0.023640i
-2.811819-0.168405i
-0.967950-0.484192i
0.335686-1.808361i
1.136435+0.123184i
-1.260179+0.132111i
-1.249070+1.434382i
-0.778607+0.828222i
-0.164547-1.687730i
-1.192286-0.375661i
0.486829-0.371236i
0.226784-1.615709i
-0.336812+0.575857i
-0.469277-0.163171i
-1.020669-0.245235i
0.686284+0.946086i
-1.529337-0.830456i
-0.528554-2.343245i
-0.436539-1.098114i
-1.666970-1.548706i
0.460723-0.800479i
-0.559240-0.166844i
-0.269275+0.402355i
-0.066516+0.011105i
-1.154164+0.563841i
-0.003049-1.272905i
-1.084137-0.932811i
-0.929493-0.072522i
-2.703783-1.750135i
-0.478203-1.596932i
-1.857102-1.334678i
-0.425843-0.110858i
-0.857256+1.031871i
-0.051816+0.099804i
-1.243379-0.361832i
0.219182+0.381646i
0.462960-0.255328i
-2.534941-1.588854i
-1.805686+1.886621i
-1.214244+0.528250i
-1.417813-0.062386i
-0.239153-0.276961i
0.610465-0.613681i
0.260522-2.055036i
-1.513166-1.068090i
-0.561443+0.079503i
-1.146982-2.363916i
-0.372536-2.005703i
0.895620-0.530748i
-2.277174-0.114796i
1.028185+0.097664i
-1.905358-0.087615i
0.045448-0.384104i
-1.076198-1.036756i
-1.491101-1.249258i
-1.698567+0.567305i
0.731607-0.526864i
-0.235587-0.218988i
-1.049997-0.215793i
-3.124638-1.171841i
-1.198227-1.498770i
1.281114-1.370434i
0.222271-0.054391i
-0.927830+0.616511i
-2.376767-1.538943i
-1.029559-1.380688i
-1.672399-0.621467i
-1.691742-0.170878i
-0.456813+0.113831i
1.212016-0.000973i
-2.746600+0.019931i
0.018425+1.306267i
0.283945-0.597894i
0.321283-0.583598i
2.389433-1.575178i
0.197648-0.575356i
-1.102267-1.507126i
0.403946-0.690229i
-1.304764-0.981735i
-1.218631-1.032824i
-0.071452-1.870748i
-0.810352-1.549487i
-0.624242-1.577919i
0.892874+1.445009i
-0.828229+0.463116i
0.452553-0.069100i
0.043670+0.446849i
-0.500109+0.075498i
0.854359-2.152400i
0.853266+2.035085i
-0.309853-1.191962i
-0.610995-1.030356i
-1.931112+0.005898i
0.197952-0.854220i
-1.309758-2.385009i
0.777696+1.728249i
0.599742+1.644010i
0.399940-0.393149i
-1.051391-0.796848i
-0.006920-1.037400i
1.284301+0.348701i
0.495844-1.305304i
0.282691-2.152416i
0.498431-1.403637i
-0.422676-0.973356i
0.047397-0.159841i
-0.879611-0.440388i
-1.448133-0.800542i
-0.271801-0.247807i
-1.334731+0.200538i
-1.417847+0.354679i
-0.921155-0.055556i
0.594620+1.577580i
-1.044641-0.213638i
-1.059124-1.274688i
0.800158-0.700335i
-1.193732+1.079610i
-0.121882-1.343969i
-1.678035+0.416185i
-0.021518-1.000857i
-0.056519-0.360778i
-0.948394+0.368994i
-0.265143-0.018117i
0.627402-0.869809i
0.111365-1.338174i
1.406811+0.561890i
0.870018-0.424166i
1.063295-0.352393i
-0.108972-0.331439i
0.129350-2.264828i
-0.143314-0.727817i
0.259343+0.340530i
-1.081010+0.848232i
-0.417666+0.527935i
-1.958330-0.290420i
-0.449998+0.403054i
-0.942017+0.499744i
-2.169470-0.436979i
-0.112822-1.210341i
-0.778834-0.019740i
0.336594+0.108986i
-2.555702-0.474230i
-0.159214-0.543965i
-0.012998+0.116606i
-0.248343-0.928483i
-1.350802-0.398711i
-0.598728-0.963022i
-0.773013+1.453156i
-1.818012-1.013342i
1.534694-1.938595i
1.035710-0.940677i
0.054834-0.259072i
1.083085-0.545998i
1.456413+0.615377i
-0.097867+1.104964i
-1.318724+0.238960i
1.317524+0.253572i
-0.617828-0.862495i
1.325858-1.077038i
0.088011-0.161752i
1.058114+0.086879i
-0.016630+1.249793i
-0.137046+0.966013i
0.620386-0.109713i
0.026042-0.537135i
-0.656130-0.657100i
-1.171196-1.281903i
-2.305617+0.343215i
-1.643705+0.653715i
0.626305+0.607555i
0.772324+0.441496i
-2.666121-0.634883i
1.189674+0.403800i
-0.736347-1.399206i
-0.278421+1.403444i
-0.464906-1.054034i
0.154057-0.543158i
-1.452027-0.263615i
-2.417373+0.034436i
-0.215860-0.068317i
-0.502750-1.871670i
-0.650362+0.179354i
-1.242385+0.702687i
1.053619-0.150750i
-1.657631-1.084967i
-1.063729+0.523377i
-0.335202+0.502973i
1.048461+0.691262i
0.044122+0.364464i
1.311929-0.551119i
-0.125198-1.333111i
-1.033173+0.298300i
-1.142474-1.000004i
-0.320047-0.608271i
-1.267458-1.058829i
-0.148642-1.121448i
-1.136492+0.123794i
-0.073603+0.117961i
0.724778-2.375999i
0.135246-0.373381i
-0.145064-0.251859i
-1.547117+0.342434i
-0.821928+1.560406i
-1.671840-1.289014i
-1.237351-0.091544i
0.230387+1.900115i
0.666745-0.441744i
1.296351+0.202621i
-0.319475-0.571102i
-0.634240+0.277720i
-0.070161-0.445144i
-1.711639-1.051948i
-0.390631-1.682153i
-1.314872-0.970897i
-1.536478+0.401899i
-1.598935+1.105619i
-0.801197-1.805855i
-0.135606-0.748418i
-0.828053-0.795670i
0.483627-0.526158i
-1.204952-1.010898i
0.396259+0.406129i
0.468035-1.037868i
-0.560852-0.761022i
0.742896-0.775345i
-0.364220-0.755753i
-0.334186+1.214494i
0.160165+0.806922i
-2.022417-0.570584i
0.660831-0.977542i
-0.906239+0.968892i
-1.090572-1.054710i
-0.935961-0.611456i
-1.680693-0.148383i
1.168393-1.403193i
-0.333831+2.246561i
0.263292+0.456757i
1.047921-2.252689i
-2.761457-1.679502i
0.092110-0.916466i
-0.557775+0.672413i
0.051832+0.924051i
-1.904552-0.829742i
-1.058447+1.463016i
0.429708-0.770347i
-1.020793+0.196545i
-0.819919-0.056667i
-0.057784-1.007191i
-2.344630+0.505741i
-1.692644+0.182736i
-0.772761-2.418853i
0.682548-1.034204i
0.028302-1.464948i
1.531767-0.184965i
1.594613-1.406801i
-0.230429-1.728744i
-1.032140+0.050244i
-1.798205+0.004131i
-0.894847-1.831407i
-0.243870+0.251867i
1.057555+0.898336i
-0.160499-1.014913i
-0.985675-0.449099i
-0.551104-2.542981i
-1.331246-0.281453i
0.068791-0.547948i
-1.533606-0.017431i
0.037555-1.674804i
0.988168-1.477219i
-0.840426+0.224201i
-1.868288+0.643954i
0.216400+0.279363i
-0.917028-0.152476i
-1.038621+1.668588i
-1.392455+0.341689i
-0.994637-0.265037i
0.044323+0.041006i
-0.825945+0.078604i
-1.622389-1.250607i
-0.719504-0.053802i
0.022123-0.138045i
0.084013-0.153572i
-2.535389-0.385166i
-0.604569-0.837824i
0.490546-1.095221i
0.113183-1.039118i
0.015742-0.988217i
-1.210469+0.131342i
-0.225392-1.021051i
-0.913410-0.924530i
-1.116886+0.625665i
-1.121881-0.308926i
-1.879352-0.551722i
-1.007226-1.344802i
-0.504120-1.481357i
0.249747-0.020057i
0.465892-0.317814i
0.175058-1.173966i
-0.923683-0.158564i
-0.348896+0.211171i
-0.583789+0.109362i
-1.656607-0.946874i
0.933395-1.819397i
0.454036-0.513851i
-1.864749-0.612084i
-0.974021+0.079473i
-0.705419-0.673452i
-1.139506-0.026171i
-0.741097-0.936237i
-0.745269-0.088382i
0.444172-0.020249i
0.234516-0.692821i
-0.411107-0.427875i
-2.027102-1.147897i
0.360517-1.734228i
-1.142126+1.097390i
1.639421-0.964936i
0.743120+1.274332i
-0.424678-1.136357i
-1.810751-0.220572i
-1.013030-0.284801i
-1.512918-2.726739i
-0.417090+0.163520i
-1.046033-0.649165i
0.167811+0.301139i
-1.908914-0.833287i
1.923814-2.332359i
-1.102894-0.224100i
0.263863-1.802165i
-1.362956+1.034734i
1.232250+0.515220i
-0.200675-0.161998i
-1.247888+0.299770i
0.095492-0.226684i
-0.240698-1.497203i
-0.046190-1.162369i
-0.953402+1.016861i
-1.155300-0.211202i
-0.753562-1.210287i
-0.025894+0.028594i
2.171089-0.331053i
-0.651926+0.372862i
-2.432068-0.850401i
-0.643518+0.123784i
0.995553-0.791806i
0.317110-0.530713i
-1.186159-2.042255i
-1.815344-2.586551i
0.873620+0.460595i
0.336894-1.089933i
-1.443436+1.477292i
-0.583862+0.412514i
-2.598319-1.112829i
-0.677893-1.403863i
0.293985-0.647019i
-0.311850-1.407502i
-0.795752-1.631356i
-1.556328-1.345635i
-2.360481-0.835678i
-0.358757-0.948093i
-1.267812-0.785991i
0.911241-0.850605i
-0.303756-0.102826i
1.332345-0.999063i
-0.755991+0.735562i
-0.863536-0.411736i
-0.700772+0.380394i
1.160459-1.491499i
-0.105737-0.772086i
-1.343765+0.207088i
-2.046364-0.957384i
0.650652+0.019456i
0.020121-1.074169i
-0.508099+0.140773i
-1.051075-1.124728i
1.168520+0.256663i
-1.330398+0.616467i
-0.997358-0.633029i
-1.080783+0.269586i
-0.332827+0.542974i
0.479861-0.728488i
-0.387604+1.398217i
-1.649899-1.295040i
-0.085393+0.454154i
0.254324-1.145599i
-1.190434+0.880886i
0.641798+1.147453i
-2.129509-1.062175i
-2.459078-0.076341i
1.748435+0.031177i
-0.588889-0.625997i
-1.372255-0.446325i
-1.669072-0.695536i
-1.119869+0.748722i
-0.531635-1.342540i
-0.387975+0.661129i
0.010693-0.503351i
1.039257-1.059351i
0.242970+0.097064i
1.156644-1.633775i
-0.319342-1.022239i
-1.123524-0.698644i
-0.076515+1.503818i
-0.435598-0.521330i
0.220743-1.452429i
-2.360414+1.669558i
-2.751828-0.455005i
-0.943270-0.699697i
-0.808594-0.196945i
-2.039861-1.127183i
0.836895+1.018017i
-1.992665-1.337240i
-1.534267-2.041802i
0.003074+0.025032i
-0.275924+0.745087i
1.536867-1.898842i
-0.278577-0.912286i
-0.159603-0.993310i
-0.876348-0.862622i
-0.895814+0.378128i
-1.281595-0.203907i
-1.434445-0.211155i
0.739332-0.140790i
0.141006-1.725470i
0.815527-0.353739i
-0.707391-0.258003i
-1.270743-0.723817i
-1.721696-2.299427i
-0.579754-0.898676i
-0.953554-1.272031i
-1.214949-1.479608i
-1.822886-0.242999i
-2.336255+0.153513i
-0.735293+0.020770i
0.700856-1.423441i
-0.333922-1.502050i
-1.488595-0.936331i
-1.311726+0.955309i
-0.762980+0.782559i
0.461982+0.027685i
-0.437218-0.601853i
-0.134184-1.046082i
0.655719+0.450419i
-2.615279-1.766607i
2.434740-1.518928i
-1.349116-0.003033i
0.372600-1.123298i
-0.173534-0.179862i
0.354093-0.367888i
-0.467329+0.487995i
0.378731-0.503293i
-0.799408-0.884935i
-1.814897+0.754505i
-0.764932-0.497161i
1.373986+0.594084i
-2.319299-0.067917i
-2.553200-0.821756i
-0.612977-0.196715i
-1.092182-3.072301i
-0.513217+0.265087i
0.009182-0.564538i
-0.226295-0.543950i
-1.146397-0.826332i
-0.955734-0.919131i
-0.142564+0.638412i
0.463964-1.836855i
0.036985-1.597333i
-1.290459-0.825787i
-0.761184-0.318106i
1.523295-1.659642i
-0.588604+1.741380i
DONE


ask_starting_lattice(0): EOF on input.
exit: Fri Jul  5 17:43:13 2024

